<?xml version="1.0" encoding="UTF-8"?>
<testsuites name="login_logout" time="86" tests="6" failures="3" errors="0">
   <testsuite name="login_logout" tests="6" failures="3" errors="0" time="86" timestamp="2018-02-07 18:24:23" hostname="Ang - DESKTOP-JMN7MR3" id="Test Suites/login_logout">
      <properties>
         <property name="deviceName" value=""/>
         <property name="devicePlatform" value=""/>
         <property name="logFolder" value="C:\\Users\\Ang\\Katalon Studio\\oddle-automa-fesc-v3\\Reports\\login_logout\\20180207_182415"/>
         <property name="logFiles" value="C:\\Users\\Ang\\Katalon Studio\\oddle-automa-fesc-v3\\Reports\\login_logout\\20180207_182415\\execution0.log"/>
         <property name="attachments" value="C:\\Users\\Ang\\Katalon Studio\\oddle-automa-fesc-v3\\Reports\\login_logout\\20180207_182415\\1517999129575.png, C:\\Users\\Ang\\Katalon Studio\\oddle-automa-fesc-v3\\Reports\\login_logout\\20180207_182415\\1517999141697.png, C:\\Users\\Ang\\Katalon Studio\\oddle-automa-fesc-v3\\Reports\\login_logout\\20180207_182415\\1517999142000.png, C:\\Users\\Ang\\Katalon Studio\\oddle-automa-fesc-v3\\Reports\\login_logout\\20180207_182415\\1517999148338.png"/>
         <property name="hostName" value="Ang - DESKTOP-JMN7MR3"/>
         <property name="os" value="Windows 10 64bit"/>
         <property name="katalonVersion" value="5.2.0.1"/>
         <property name="browser" value="Chrome 63.0.3239.132"/>
         <property name="hostAddress" value="192.168.126.1"/>
         <property name="sessionId" value="44510a7d6240c4401f0ef2db285edb73"/>
         <property name="seleniumVersion" value="3.7.1"/>
         <property name="proxyInformation" value="ProxyInformation{proxyOption=NO_PROXY, proxyServerType=HTTP, password=, proxyServerAddress=, proxyServerPort=0}"/>
         <property name="platform" value="Windows 10"/>
      </properties>
      <testcase name="Test Cases/001_login_email_successful" classname="Test Cases/001_login_email_successful" status="PASSED">
         <system-out><![CDATA[2018-02-07 18:24:23 - [TEST_CASE][PASSED] - Test Cases/001_login_email_successful: Test Cases/001_login_email_successful

2018-02-07 18:24:24 - [TEST_STEP][PASSED] - autoKeywords.goToHomepageMax.goToHomepage: autoKeywords.goToHomepageMax.goToHomepage is PASSED

2018-02-07 18:24:29 - [MESSAGE][PASSED] - Browser is opened with url: ''

2018-02-07 18:24:30 - [MESSAGE][PASSED] - Current window maximized

2018-02-07 18:24:32 - [MESSAGE][PASSED] - Navigate to 'https://oddleautomate.beta.oddle.me/' successfully

2018-02-07 18:24:32 - [MESSAGE][PASSED] - autoKeywords.goToHomepageMax.goToHomepage is PASSED

2018-02-07 18:24:32 - [TEST_STEP][PASSED] - click: Object: 'Object Repository/logIn/span_Sign In' is clicked on

2018-02-07 18:24:32 - [MESSAGE][PASSED] - Object: 'Object Repository/logIn/span_Sign In' is clicked on

2018-02-07 18:24:32 - [TEST_STEP][PASSED] - setText: Text 'kevin.ang+auto@oddle.me' is set on object 'Object Repository/logIn/input_email'

2018-02-07 18:24:33 - [MESSAGE][PASSED] - Text 'kevin.ang+auto@oddle.me' is set on object 'Object Repository/logIn/input_email'

2018-02-07 18:24:33 - [TEST_STEP][PASSED] - setText: Text 'password' is set on object 'Object Repository/logIn/input_password'

2018-02-07 18:24:33 - [MESSAGE][PASSED] - Text 'password' is set on object 'Object Repository/logIn/input_password'

2018-02-07 18:24:33 - [TEST_STEP][PASSED] - click: Object: 'Object Repository/logIn/button_signin-flow-Sign In' is clicked on

2018-02-07 18:24:33 - [MESSAGE][PASSED] - Object: 'Object Repository/logIn/button_signin-flow-Sign In' is clicked on

2018-02-07 18:24:33 - [TEST_STEP][PASSED] - click: Object: 'Object Repository/logIn/button_signin-flow-Save' is clicked on

2018-02-07 18:24:33 - [MESSAGE][PASSED] - Object: 'Object Repository/logIn/button_signin-flow-Save' is clicked on

2018-02-07 18:24:33 - [TEST_STEP][PASSED] - waitForElementVisible: Object 'Object Repository/logIn/button_ Continue Shopping' is visible

2018-02-07 18:24:33 - [MESSAGE][WARNING] - Timeout '0' is invalid. Using default page load timeout: '5'

2018-02-07 18:24:34 - [MESSAGE][PASSED] - Object 'Object Repository/logIn/button_ Continue Shopping' is visible

2018-02-07 18:24:34 - [TEST_STEP][PASSED] - click: Object: 'Object Repository/logIn/button_ Continue Shopping' is clicked on

2018-02-07 18:24:34 - [MESSAGE][PASSED] - Object: 'Object Repository/logIn/button_ Continue Shopping' is clicked on

2018-02-07 18:24:34 - [TEST_STEP][PASSED] - autoKeywords.verifyLoggedIn.verifyLogged: autoKeywords.verifyLoggedIn.verifyLogged is PASSED

2018-02-07 18:24:34 - [MESSAGE][PASSED] - Text of object 'Object Repository/logIn/span_signin_SignedIn Name' is: 'kevin test'

2018-02-07 18:24:34 - [MESSAGE][PASSED] - Actual text 'kevin test' and expected text 'kevin test' are matched 

2018-02-07 18:24:34 - [MESSAGE][PASSED] - autoKeywords.verifyLoggedIn.verifyLogged is PASSED]]></system-out>
         <system-err><![CDATA[]]></system-err>
      </testcase>
      <testcase name="Test Cases/002_login_email_wrongpw" classname="Test Cases/002_login_email_wrongpw" status="PASSED">
         <system-out><![CDATA[2018-02-07 18:24:35 - [TEST_CASE][PASSED] - Test Cases/002_login_email_wrongpw: Test Cases/002_login_email_wrongpw

2018-02-07 18:24:35 - [TEST_STEP][PASSED] - autoKeywords.goToHomepageMax.goToHomepage: autoKeywords.goToHomepageMax.goToHomepage is PASSED

2018-02-07 18:24:37 - [MESSAGE][PASSED] - Browser is opened with url: ''

2018-02-07 18:24:39 - [MESSAGE][PASSED] - Current window maximized

2018-02-07 18:24:40 - [MESSAGE][PASSED] - Navigate to 'https://oddleautomate.beta.oddle.me/' successfully

2018-02-07 18:24:40 - [MESSAGE][PASSED] - autoKeywords.goToHomepageMax.goToHomepage is PASSED

2018-02-07 18:24:40 - [TEST_STEP][PASSED] - click: Object: 'Object Repository/logIn/span_Sign In' is clicked on

2018-02-07 18:24:41 - [MESSAGE][PASSED] - Object: 'Object Repository/logIn/span_Sign In' is clicked on

2018-02-07 18:24:41 - [TEST_STEP][PASSED] - verifyElementVisible: Object 'Object Repository/logIn/div_grid-parent signin window' is visible

2018-02-07 18:24:41 - [MESSAGE][PASSED] - Object 'Object Repository/logIn/div_grid-parent signin window' is visible

2018-02-07 18:24:41 - [TEST_STEP][PASSED] - setText: Text 'kevin.ang+auto@oddle.me' is set on object 'Object Repository/logIn/input_email'

2018-02-07 18:24:41 - [MESSAGE][PASSED] - Text 'kevin.ang+auto@oddle.me' is set on object 'Object Repository/logIn/input_email'

2018-02-07 18:24:41 - [TEST_STEP][PASSED] - setText: Text 'wrongpassword' is set on object 'Object Repository/logIn/input_password'

2018-02-07 18:24:42 - [MESSAGE][PASSED] - Text 'wrongpassword' is set on object 'Object Repository/logIn/input_password'

2018-02-07 18:24:42 - [TEST_STEP][PASSED] - click: Object: 'Object Repository/logIn/button_signin-flow-Sign In' is clicked on

2018-02-07 18:24:42 - [MESSAGE][PASSED] - Object: 'Object Repository/logIn/button_signin-flow-Sign In' is clicked on

2018-02-07 18:24:42 - [TEST_STEP][PASSED] - verifyElementVisible: Object 'Object Repository/logIn/div_grid-parent signin window' is visible

2018-02-07 18:24:42 - [MESSAGE][PASSED] - Object 'Object Repository/logIn/div_grid-parent signin window' is visible

2018-02-07 18:24:42 - [TEST_STEP][PASSED] - waitForElementVisible: Object 'Object Repository/logIn/a_ close signin window' is visible

2018-02-07 18:24:42 - [MESSAGE][WARNING] - Timeout '0' is invalid. Using default page load timeout: '5'

2018-02-07 18:24:42 - [MESSAGE][PASSED] - Object 'Object Repository/logIn/a_ close signin window' is visible

2018-02-07 18:24:42 - [TEST_STEP][PASSED] - click: Object: 'Object Repository/logIn/a_ close signin window' is clicked on

2018-02-07 18:24:42 - [MESSAGE][PASSED] - Object: 'Object Repository/logIn/a_ close signin window' is clicked on

2018-02-07 18:24:42 - [TEST_STEP][PASSED] - autoKeywords.verifyLoggedOut.verifyNotLogged: autoKeywords.verifyLoggedOut.verifyNotLogged is PASSED

2018-02-07 18:24:42 - [MESSAGE][PASSED] - Text of object 'Object Repository/logIn/span_Sign In' is: 'Sign In'

2018-02-07 18:24:42 - [MESSAGE][PASSED] - Actual text 'Sign In' and expected text 'Sign In' are matched 

2018-02-07 18:24:42 - [MESSAGE][PASSED] - autoKeywords.verifyLoggedOut.verifyNotLogged is PASSED]]></system-out>
         <system-err><![CDATA[]]></system-err>
      </testcase>
      <testcase name="Test Cases/003_login_email_wrongpwformat" classname="Test Cases/003_login_email_wrongpwformat" status="PASSED">
         <system-out><![CDATA[2018-02-07 18:24:43 - [TEST_CASE][PASSED] - Test Cases/003_login_email_wrongpwformat: Test Cases/003_login_email_wrongpwformat

2018-02-07 18:24:43 - [TEST_STEP][PASSED] - autoKeywords.goToHomepageMax.goToHomepage: autoKeywords.goToHomepageMax.goToHomepage is PASSED

2018-02-07 18:24:45 - [MESSAGE][PASSED] - Browser is opened with url: ''

2018-02-07 18:24:47 - [MESSAGE][PASSED] - Current window maximized

2018-02-07 18:24:48 - [MESSAGE][PASSED] - Navigate to 'https://oddleautomate.beta.oddle.me/' successfully

2018-02-07 18:24:48 - [MESSAGE][PASSED] - autoKeywords.goToHomepageMax.goToHomepage is PASSED

2018-02-07 18:24:48 - [TEST_STEP][PASSED] - click: Object: 'Object Repository/logIn/span_Sign In' is clicked on

2018-02-07 18:24:49 - [MESSAGE][PASSED] - Object: 'Object Repository/logIn/span_Sign In' is clicked on

2018-02-07 18:24:49 - [TEST_STEP][PASSED] - verifyElementVisible: Object 'Object Repository/logIn/div_grid-parent signin window' is visible

2018-02-07 18:24:49 - [MESSAGE][PASSED] - Object 'Object Repository/logIn/div_grid-parent signin window' is visible

2018-02-07 18:24:49 - [TEST_STEP][PASSED] - setText: Text 'kevin.ang+auto@oddle.me' is set on object 'Object Repository/logIn/input_email'

2018-02-07 18:24:49 - [MESSAGE][PASSED] - Text 'kevin.ang+auto@oddle.me' is set on object 'Object Repository/logIn/input_email'

2018-02-07 18:24:49 - [TEST_STEP][PASSED] - setText: Text 'wrongft' is set on object 'Object Repository/logIn/input_password'

2018-02-07 18:24:49 - [MESSAGE][PASSED] - Text 'wrongft' is set on object 'Object Repository/logIn/input_password'

2018-02-07 18:24:49 - [TEST_STEP][PASSED] - click: Object: 'Object Repository/logIn/button_signin-flow-Sign In' is clicked on

2018-02-07 18:24:49 - [MESSAGE][PASSED] - Object: 'Object Repository/logIn/button_signin-flow-Sign In' is clicked on

2018-02-07 18:24:49 - [TEST_STEP][PASSED] - verifyElementVisible: Object 'Object Repository/logIn/div_grid-parent signin window' is visible

2018-02-07 18:24:49 - [MESSAGE][PASSED] - Object 'Object Repository/logIn/div_grid-parent signin window' is visible

2018-02-07 18:24:49 - [TEST_STEP][PASSED] - waitForElementVisible: Object 'Object Repository/logIn/a_ close signin window' is visible

2018-02-07 18:24:49 - [MESSAGE][WARNING] - Timeout '0' is invalid. Using default page load timeout: '5'

2018-02-07 18:24:49 - [MESSAGE][PASSED] - Object 'Object Repository/logIn/a_ close signin window' is visible

2018-02-07 18:24:49 - [TEST_STEP][PASSED] - click: Object: 'Object Repository/logIn/a_ close signin window' is clicked on

2018-02-07 18:24:50 - [MESSAGE][PASSED] - Object: 'Object Repository/logIn/a_ close signin window' is clicked on

2018-02-07 18:24:50 - [TEST_STEP][PASSED] - autoKeywords.verifyLoggedOut.verifyNotLogged: autoKeywords.verifyLoggedOut.verifyNotLogged is PASSED

2018-02-07 18:24:50 - [MESSAGE][PASSED] - Text of object 'Object Repository/logIn/span_Sign In' is: 'Sign In'

2018-02-07 18:24:50 - [MESSAGE][PASSED] - Actual text 'Sign In' and expected text 'Sign In' are matched 

2018-02-07 18:24:50 - [MESSAGE][PASSED] - autoKeywords.verifyLoggedOut.verifyNotLogged is PASSED]]></system-out>
         <system-err><![CDATA[]]></system-err>
      </testcase>
      <testcase name="Test Cases/004_login_email_wrongemail" classname="Test Cases/004_login_email_wrongemail" status="PASSED">
         <system-out><![CDATA[2018-02-07 18:24:50 - [TEST_CASE][PASSED] - Test Cases/004_login_email_wrongemail: Test Cases/004_login_email_wrongemail

2018-02-07 18:24:51 - [TEST_STEP][PASSED] - autoKeywords.goToHomepageMax.goToHomepage: autoKeywords.goToHomepageMax.goToHomepage is PASSED

2018-02-07 18:24:53 - [MESSAGE][PASSED] - Browser is opened with url: ''

2018-02-07 18:24:54 - [MESSAGE][PASSED] - Current window maximized

2018-02-07 18:24:56 - [MESSAGE][PASSED] - Navigate to 'https://oddleautomate.beta.oddle.me/' successfully

2018-02-07 18:24:56 - [MESSAGE][PASSED] - autoKeywords.goToHomepageMax.goToHomepage is PASSED

2018-02-07 18:24:56 - [TEST_STEP][PASSED] - click: Object: 'Object Repository/logIn/span_Sign In' is clicked on

2018-02-07 18:24:56 - [MESSAGE][PASSED] - Object: 'Object Repository/logIn/span_Sign In' is clicked on

2018-02-07 18:24:56 - [TEST_STEP][PASSED] - verifyElementVisible: Object 'Object Repository/logIn/div_grid-parent signin window' is visible

2018-02-07 18:24:56 - [MESSAGE][PASSED] - Object 'Object Repository/logIn/div_grid-parent signin window' is visible

2018-02-07 18:24:56 - [TEST_STEP][PASSED] - setText: Text 'unusedemail@changethis.ifused' is set on object 'Object Repository/logIn/input_email'

2018-02-07 18:24:57 - [MESSAGE][PASSED] - Text 'unusedemail@changethis.ifused' is set on object 'Object Repository/logIn/input_email'

2018-02-07 18:24:57 - [TEST_STEP][PASSED] - setText: Text 'password' is set on object 'Object Repository/logIn/input_password'

2018-02-07 18:24:57 - [MESSAGE][PASSED] - Text 'password' is set on object 'Object Repository/logIn/input_password'

2018-02-07 18:24:57 - [TEST_STEP][PASSED] - click: Object: 'Object Repository/logIn/button_signin-flow-Sign In' is clicked on

2018-02-07 18:24:57 - [MESSAGE][PASSED] - Object: 'Object Repository/logIn/button_signin-flow-Sign In' is clicked on

2018-02-07 18:24:57 - [TEST_STEP][PASSED] - verifyElementVisible: Object 'Object Repository/logIn/div_grid-parent signin window' is visible

2018-02-07 18:24:57 - [MESSAGE][PASSED] - Object 'Object Repository/logIn/div_grid-parent signin window' is visible

2018-02-07 18:24:57 - [TEST_STEP][PASSED] - waitForElementVisible: Object 'Object Repository/logIn/a_ close signin window' is visible

2018-02-07 18:24:57 - [MESSAGE][WARNING] - Timeout '0' is invalid. Using default page load timeout: '5'

2018-02-07 18:24:57 - [MESSAGE][PASSED] - Object 'Object Repository/logIn/a_ close signin window' is visible

2018-02-07 18:24:57 - [TEST_STEP][PASSED] - click: Object: 'Object Repository/logIn/a_ close signin window' is clicked on

2018-02-07 18:24:57 - [MESSAGE][PASSED] - Object: 'Object Repository/logIn/a_ close signin window' is clicked on

2018-02-07 18:24:57 - [TEST_STEP][PASSED] - autoKeywords.verifyLoggedOut.verifyNotLogged: autoKeywords.verifyLoggedOut.verifyNotLogged is PASSED

2018-02-07 18:24:58 - [MESSAGE][PASSED] - Text of object 'Object Repository/logIn/span_Sign In' is: 'Sign In'

2018-02-07 18:24:58 - [MESSAGE][PASSED] - Actual text 'Sign In' and expected text 'Sign In' are matched 

2018-02-07 18:24:58 - [MESSAGE][PASSED] - autoKeywords.verifyLoggedOut.verifyNotLogged is PASSED]]></system-out>
         <system-err><![CDATA[]]></system-err>
      </testcase>
      <testcase name="Test Cases/005_login_email_wrongemailformat" classname="Test Cases/005_login_email_wrongemailformat" status="PASSED">
         <system-out><![CDATA[2018-02-07 18:24:58 - [TEST_CASE][PASSED] - Test Cases/005_login_email_wrongemailformat: Test Cases/005_login_email_wrongemailformat

2018-02-07 18:24:58 - [TEST_STEP][PASSED] - autoKeywords.goToHomepageMax.goToHomepage: autoKeywords.goToHomepageMax.goToHomepage is PASSED

2018-02-07 18:25:01 - [MESSAGE][PASSED] - Browser is opened with url: ''

2018-02-07 18:25:03 - [MESSAGE][PASSED] - Current window maximized

2018-02-07 18:25:04 - [MESSAGE][PASSED] - Navigate to 'https://oddleautomate.beta.oddle.me/' successfully

2018-02-07 18:25:04 - [MESSAGE][PASSED] - autoKeywords.goToHomepageMax.goToHomepage is PASSED

2018-02-07 18:25:04 - [TEST_STEP][PASSED] - click: Object: 'Object Repository/logIn/span_Sign In' is clicked on

2018-02-07 18:25:04 - [MESSAGE][PASSED] - Object: 'Object Repository/logIn/span_Sign In' is clicked on

2018-02-07 18:25:04 - [TEST_STEP][PASSED] - verifyElementVisible: Object 'Object Repository/logIn/div_grid-parent signin window' is visible

2018-02-07 18:25:04 - [MESSAGE][PASSED] - Object 'Object Repository/logIn/div_grid-parent signin window' is visible

2018-02-07 18:25:04 - [TEST_STEP][PASSED] - setText: Text 'wrong_email_format' is set on object 'Object Repository/logIn/input_email'

2018-02-07 18:25:05 - [MESSAGE][PASSED] - Text 'wrong_email_format' is set on object 'Object Repository/logIn/input_email'

2018-02-07 18:25:05 - [TEST_STEP][PASSED] - setText: Text 'password' is set on object 'Object Repository/logIn/input_password'

2018-02-07 18:25:05 - [MESSAGE][PASSED] - Text 'password' is set on object 'Object Repository/logIn/input_password'

2018-02-07 18:25:05 - [TEST_STEP][PASSED] - click: Object: 'Object Repository/logIn/button_signin-flow-Sign In' is clicked on

2018-02-07 18:25:05 - [MESSAGE][PASSED] - Object: 'Object Repository/logIn/button_signin-flow-Sign In' is clicked on

2018-02-07 18:25:05 - [TEST_STEP][PASSED] - verifyElementVisible: Object 'Object Repository/logIn/div_grid-parent signin window' is visible

2018-02-07 18:25:05 - [MESSAGE][PASSED] - Object 'Object Repository/logIn/div_grid-parent signin window' is visible

2018-02-07 18:25:05 - [TEST_STEP][PASSED] - waitForElementVisible: Object 'Object Repository/logIn/a_ close signin window' is visible

2018-02-07 18:25:05 - [MESSAGE][WARNING] - Timeout '0' is invalid. Using default page load timeout: '5'

2018-02-07 18:25:05 - [MESSAGE][PASSED] - Object 'Object Repository/logIn/a_ close signin window' is visible

2018-02-07 18:25:05 - [TEST_STEP][PASSED] - click: Object: 'Object Repository/logIn/a_ close signin window' is clicked on

2018-02-07 18:25:05 - [MESSAGE][PASSED] - Object: 'Object Repository/logIn/a_ close signin window' is clicked on

2018-02-07 18:25:05 - [TEST_STEP][PASSED] - autoKeywords.verifyLoggedOut.verifyNotLogged: autoKeywords.verifyLoggedOut.verifyNotLogged is PASSED

2018-02-07 18:25:05 - [MESSAGE][PASSED] - Text of object 'Object Repository/logIn/span_Sign In' is: 'Sign In'

2018-02-07 18:25:05 - [MESSAGE][PASSED] - Actual text 'Sign In' and expected text 'Sign In' are matched 

2018-02-07 18:25:05 - [MESSAGE][PASSED] - autoKeywords.verifyLoggedOut.verifyNotLogged is PASSED]]></system-out>
         <system-err><![CDATA[]]></system-err>
      </testcase>
      <testcase name="Test Cases/006_login_fb_loggedin" classname="Test Cases/006_login_fb_loggedin" status="PASSED">
         <system-out><![CDATA[2018-02-07 18:25:06 - [TEST_CASE][PASSED] - Test Cases/006_login_fb_loggedin: Test Cases/006_login_fb_loggedin

2018-02-07 18:25:06 - [TEST_STEP][PASSED] - openBrowser: Browser is opened with url: ''

2018-02-07 18:25:09 - [MESSAGE][PASSED] - Browser is opened with url: ''

2018-02-07 18:25:09 - [TEST_STEP][PASSED] - maximizeWindow: Current window maximized

2018-02-07 18:25:10 - [MESSAGE][PASSED] - Current window maximized

2018-02-07 18:25:10 - [TEST_STEP][PASSED] - navigateToUrl: Navigate to 'https://www.facebook.com/' successfully

2018-02-07 18:25:12 - [MESSAGE][PASSED] - Navigate to 'https://www.facebook.com/' successfully

2018-02-07 18:25:12 - [TEST_STEP][PASSED] - setText: Text 'kevin.ang@oddle.me' is set on object 'Object Repository/externalSites/fb_input_email'

2018-02-07 18:25:12 - [MESSAGE][PASSED] - Text 'kevin.ang@oddle.me' is set on object 'Object Repository/externalSites/fb_input_email'

2018-02-07 18:25:12 - [TEST_STEP][PASSED] - setText: Text 'puToNtaB_1' is set on object 'Object Repository/externalSites/fb_input_pass'

2018-02-07 18:25:12 - [MESSAGE][PASSED] - Text 'puToNtaB_1' is set on object 'Object Repository/externalSites/fb_input_pass'

2018-02-07 18:25:12 - [TEST_STEP][PASSED] - click: Object: 'Object Repository/externalSites/fb_input_login' is clicked on

2018-02-07 18:25:15 - [MESSAGE][PASSED] - Object: 'Object Repository/externalSites/fb_input_login' is clicked on

2018-02-07 18:25:15 - [TEST_STEP][PASSED] - delay: Delayed 3 second(s)

2018-02-07 18:25:18 - [MESSAGE][PASSED] - Delayed 3 second(s)

2018-02-07 18:25:18 - [TEST_STEP][PASSED] - navigateToUrl: Navigate to 'https://oddleautomate.beta.oddle.me/' successfully

2018-02-07 18:25:20 - [MESSAGE][PASSED] - Navigate to 'https://oddleautomate.beta.oddle.me/' successfully

2018-02-07 18:25:20 - [TEST_STEP][PASSED] - click: Object: 'Object Repository/logIn/span_Sign In' is clicked on

2018-02-07 18:25:20 - [MESSAGE][PASSED] - Object: 'Object Repository/logIn/span_Sign In' is clicked on

2018-02-07 18:25:20 - [TEST_STEP][PASSED] - waitForElementClickable: Object 'Object Repository/logIn/button_Facebook Connect' is clickable

2018-02-07 18:25:20 - [MESSAGE][WARNING] - Timeout '0' is invalid. Using default page load timeout: '5'

2018-02-07 18:25:21 - [MESSAGE][PASSED] - Object 'Object Repository/logIn/button_Facebook Connect' is clickable

2018-02-07 18:25:21 - [TEST_STEP][PASSED] - click: Object: 'Object Repository/logIn/button_Facebook Connect' is clicked on

2018-02-07 18:25:21 - [MESSAGE][PASSED] - Object: 'Object Repository/logIn/button_Facebook Connect' is clicked on

2018-02-07 18:25:21 - [TEST_STEP][PASSED] - autoKeywords.verifyLoggedIn.verifyLogged: autoKeywords.verifyLoggedIn.verifyLogged is PASSED

2018-02-07 18:25:22 - [MESSAGE][PASSED] - Text of object 'Object Repository/logIn/span_signin_SignedIn Name' is: 'kevin test'

2018-02-07 18:25:22 - [MESSAGE][PASSED] - Actual text 'kevin test' and expected text 'kevin test' are matched 

2018-02-07 18:25:22 - [MESSAGE][PASSED] - autoKeywords.verifyLoggedIn.verifyLogged is PASSED]]></system-out>
         <system-err><![CDATA[]]></system-err>
      </testcase>
      <testcase name="Test Cases/007_login_fb_notloggedin" classname="Test Cases/007_login_fb_notloggedin" status="FAILED">
         <failure type="FAILED" message="Unable to click on object 'Object Repository/logIn/button_Facebook Connect' (Root cause: org.openqa.selenium.WebDriverException: unknown error: Element &lt;button class=&quot;facebook-connect-btn&quot; data-reactid=&quot;.0.4.5.1.0.2.0&quot;>...&lt;/button> is not clickable at point (676, 290). Other element would receive the click: &lt;div class=&quot;grid-100 tablet-grid-100 mobile-grid-100 grid-parent content-title&quot; data-reactid=&quot;.0.4.5.1.0&quot;>...&lt;/div>
  (Session info: chrome=63.0.3239.132)
  (Driver info: chromedriver=2.33.506120 (e3e53437346286c0bc2d2dc9aa4915ba81d9023f),platform=Windows NT 10.0.16299 x86_64) (WARNING: The server did not provide any stacktrace information)
Command duration or timeout: 0 milliseconds
Build info: version: '3.7.1', revision: '8a0099a', time: '2017-11-06T21:07:36.161Z'
System info: host: 'DESKTOP-JMN7MR3', ip: '192.168.126.1', os.name: 'Windows 10', os.arch: 'amd64', os.version: '10.0', java.version: '1.8.0_102'
Driver info: com.kms.katalon.selenium.driver.CChromeDriver
Capabilities {acceptSslCerts: true, applicationCacheEnabled: false, browserConnectionEnabled: false, browserName: chrome, chrome: {chromedriverVersion: 2.33.506120 (e3e53437346286..., userDataDir: C:\Users\Ang\AppData\Local\...}, cssSelectorsEnabled: true, databaseEnabled: false, handlesAlerts: true, hasTouchScreen: false, javascriptEnabled: true, locationContextEnabled: true, mobileEmulationEnabled: false, nativeEvents: true, networkConnectionEnabled: false, pageLoadStrategy: normal, platform: XP, platformName: XP, rotatable: false, setWindowRect: true, takesHeapSnapshot: true, takesScreenshot: true, unexpectedAlertBehaviour: , unhandledPromptBehavior: , version: 63.0.3239.132, webStorageEnabled: true}
Session ID: 621a125fef4ea869307b4fb4db870e6c)"/>
         <system-out><![CDATA[2018-02-07 18:25:23 - [TEST_CASE][FAILED] - Test Cases/007_login_fb_notloggedin: Test Cases/007_login_fb_notloggedin FAILED because (of) Unable to click on object 'Object Repository/logIn/button_Facebook Connect' (Root cause: org.openqa.selenium.WebDriverException: unknown error: Element <button class="facebook-connect-btn" data-reactid=".0.4.5.1.0.2.0">...</button> is not clickable at point (676, 290). Other element would receive the click: <div class="grid-100 tablet-grid-100 mobile-grid-100 grid-parent content-title" data-reactid=".0.4.5.1.0">...</div>
  (Session info: chrome=63.0.3239.132)
  (Driver info: chromedriver=2.33.506120 (e3e53437346286c0bc2d2dc9aa4915ba81d9023f),platform=Windows NT 10.0.16299 x86_64) (WARNING: The server did not provide any stacktrace information)
Command duration or timeout: 0 milliseconds
Build info: version: '3.7.1', revision: '8a0099a', time: '2017-11-06T21:07:36.161Z'
System info: host: 'DESKTOP-JMN7MR3', ip: '192.168.126.1', os.name: 'Windows 10', os.arch: 'amd64', os.version: '10.0', java.version: '1.8.0_102'
Driver info: com.kms.katalon.selenium.driver.CChromeDriver
Capabilities {acceptSslCerts: true, applicationCacheEnabled: false, browserConnectionEnabled: false, browserName: chrome, chrome: {chromedriverVersion: 2.33.506120 (e3e53437346286..., userDataDir: C:\Users\Ang\AppData\Local\...}, cssSelectorsEnabled: true, databaseEnabled: false, handlesAlerts: true, hasTouchScreen: false, javascriptEnabled: true, locationContextEnabled: true, mobileEmulationEnabled: false, nativeEvents: true, networkConnectionEnabled: false, pageLoadStrategy: normal, platform: XP, platformName: XP, rotatable: false, setWindowRect: true, takesHeapSnapshot: true, takesScreenshot: true, unexpectedAlertBehaviour: , unhandledPromptBehavior: , version: 63.0.3239.132, webStorageEnabled: true}
Session ID: 621a125fef4ea869307b4fb4db870e6c)

2018-02-07 18:25:23 - [TEST_STEP][PASSED] - autoKeywords.goToHomepageMax.goToHomepage: autoKeywords.goToHomepageMax.goToHomepage is PASSED

2018-02-07 18:25:26 - [MESSAGE][PASSED] - Browser is opened with url: ''

2018-02-07 18:25:27 - [MESSAGE][PASSED] - Current window maximized

2018-02-07 18:25:29 - [MESSAGE][PASSED] - Navigate to 'https://oddleautomate.beta.oddle.me/' successfully

2018-02-07 18:25:29 - [MESSAGE][PASSED] - autoKeywords.goToHomepageMax.goToHomepage is PASSED

2018-02-07 18:25:29 - [TEST_STEP][PASSED] - click: Object: 'Object Repository/logIn/span_Sign In' is clicked on

2018-02-07 18:25:29 - [MESSAGE][PASSED] - Object: 'Object Repository/logIn/span_Sign In' is clicked on

2018-02-07 18:25:29 - [TEST_STEP][PASSED] - waitForElementClickable: Object 'Object Repository/logIn/button_Facebook Connect' is clickable

2018-02-07 18:25:29 - [MESSAGE][WARNING] - Timeout '0' is invalid. Using default page load timeout: '5'

2018-02-07 18:25:29 - [MESSAGE][PASSED] - Object 'Object Repository/logIn/button_Facebook Connect' is clickable

2018-02-07 18:25:29 - [TEST_STEP][FAILED] - click: Unable to click on object 'Object Repository/logIn/button_Facebook Connect' (Root cause: org.openqa.selenium.WebDriverException: unknown error: Element <button class="facebook-connect-btn" data-reactid=".0.4.5.1.0.2.0">...</button> is not clickable at point (676, 290). Other element would receive the click: <div class="grid-100 tablet-grid-100 mobile-grid-100 grid-parent content-title" data-reactid=".0.4.5.1.0">...</div>
  (Session info: chrome=63.0.3239.132)
  (Driver info: chromedriver=2.33.506120 (e3e53437346286c0bc2d2dc9aa4915ba81d9023f),platform=Windows NT 10.0.16299 x86_64) (WARNING: The server did not provide any stacktrace information)
Command duration or timeout: 0 milliseconds
Build info: version: '3.7.1', revision: '8a0099a', time: '2017-11-06T21:07:36.161Z'
System info: host: 'DESKTOP-JMN7MR3', ip: '192.168.126.1', os.name: 'Windows 10', os.arch: 'amd64', os.version: '10.0', java.version: '1.8.0_102'
Driver info: com.kms.katalon.selenium.driver.CChromeDriver
Capabilities {acceptSslCerts: true, applicationCacheEnabled: false, browserConnectionEnabled: false, browserName: chrome, chrome: {chromedriverVersion: 2.33.506120 (e3e53437346286..., userDataDir: C:\Users\Ang\AppData\Local\...}, cssSelectorsEnabled: true, databaseEnabled: false, handlesAlerts: true, hasTouchScreen: false, javascriptEnabled: true, locationContextEnabled: true, mobileEmulationEnabled: false, nativeEvents: true, networkConnectionEnabled: false, pageLoadStrategy: normal, platform: XP, platformName: XP, rotatable: false, setWindowRect: true, takesHeapSnapshot: true, takesScreenshot: true, unexpectedAlertBehaviour: , unhandledPromptBehavior: , version: 63.0.3239.132, webStorageEnabled: true}
Session ID: 621a125fef4ea869307b4fb4db870e6c)

2018-02-07 18:25:29 - [MESSAGE][FAILED] - Unable to click on object 'Object Repository/logIn/button_Facebook Connect' (Root cause: org.openqa.selenium.WebDriverException: unknown error: Element <button class="facebook-connect-btn" data-reactid=".0.4.5.1.0.2.0">...</button> is not clickable at point (676, 290). Other element would receive the click: <div class="grid-100 tablet-grid-100 mobile-grid-100 grid-parent content-title" data-reactid=".0.4.5.1.0">...</div>
  (Session info: chrome=63.0.3239.132)
  (Driver info: chromedriver=2.33.506120 (e3e53437346286c0bc2d2dc9aa4915ba81d9023f),platform=Windows NT 10.0.16299 x86_64) (WARNING: The server did not provide any stacktrace information)
Command duration or timeout: 0 milliseconds
Build info: version: '3.7.1', revision: '8a0099a', time: '2017-11-06T21:07:36.161Z'
System info: host: 'DESKTOP-JMN7MR3', ip: '192.168.126.1', os.name: 'Windows 10', os.arch: 'amd64', os.version: '10.0', java.version: '1.8.0_102'
Driver info: com.kms.katalon.selenium.driver.CChromeDriver
Capabilities {acceptSslCerts: true, applicationCacheEnabled: false, browserConnectionEnabled: false, browserName: chrome, chrome: {chromedriverVersion: 2.33.506120 (e3e53437346286..., userDataDir: C:\Users\Ang\AppData\Local\...}, cssSelectorsEnabled: true, databaseEnabled: false, handlesAlerts: true, hasTouchScreen: false, javascriptEnabled: true, locationContextEnabled: true, mobileEmulationEnabled: false, nativeEvents: true, networkConnectionEnabled: false, pageLoadStrategy: normal, platform: XP, platformName: XP, rotatable: false, setWindowRect: true, takesHeapSnapshot: true, takesScreenshot: true, unexpectedAlertBehaviour: , unhandledPromptBehavior: , version: 63.0.3239.132, webStorageEnabled: true}
Session ID: 621a125fef4ea869307b4fb4db870e6c)
[[ATTACHMENT|C:\\Users\\Ang\\Katalon Studio\\oddle-automa-fesc-v3\\Reports\\login_logout\\20180207_182415\\1517999129575.png]]]]></system-out>
         <system-err><![CDATA[2018-02-07 18:25:23 - [TEST_CASE][FAILED] - Test Cases/007_login_fb_notloggedin: Test Cases/007_login_fb_notloggedin FAILED because (of) Unable to click on object 'Object Repository/logIn/button_Facebook Connect' (Root cause: org.openqa.selenium.WebDriverException: unknown error: Element <button class="facebook-connect-btn" data-reactid=".0.4.5.1.0.2.0">...</button> is not clickable at point (676, 290). Other element would receive the click: <div class="grid-100 tablet-grid-100 mobile-grid-100 grid-parent content-title" data-reactid=".0.4.5.1.0">...</div>
  (Session info: chrome=63.0.3239.132)
  (Driver info: chromedriver=2.33.506120 (e3e53437346286c0bc2d2dc9aa4915ba81d9023f),platform=Windows NT 10.0.16299 x86_64) (WARNING: The server did not provide any stacktrace information)
Command duration or timeout: 0 milliseconds
Build info: version: '3.7.1', revision: '8a0099a', time: '2017-11-06T21:07:36.161Z'
System info: host: 'DESKTOP-JMN7MR3', ip: '192.168.126.1', os.name: 'Windows 10', os.arch: 'amd64', os.version: '10.0', java.version: '1.8.0_102'
Driver info: com.kms.katalon.selenium.driver.CChromeDriver
Capabilities {acceptSslCerts: true, applicationCacheEnabled: false, browserConnectionEnabled: false, browserName: chrome, chrome: {chromedriverVersion: 2.33.506120 (e3e53437346286..., userDataDir: C:\Users\Ang\AppData\Local\...}, cssSelectorsEnabled: true, databaseEnabled: false, handlesAlerts: true, hasTouchScreen: false, javascriptEnabled: true, locationContextEnabled: true, mobileEmulationEnabled: false, nativeEvents: true, networkConnectionEnabled: false, pageLoadStrategy: normal, platform: XP, platformName: XP, rotatable: false, setWindowRect: true, takesHeapSnapshot: true, takesScreenshot: true, unexpectedAlertBehaviour: , unhandledPromptBehavior: , version: 63.0.3239.132, webStorageEnabled: true}
Session ID: 621a125fef4ea869307b4fb4db870e6c)]]></system-err>
      </testcase>
      <testcase name="Test Cases/008_login_fb_wrongpw" classname="Test Cases/008_login_fb_wrongpw" status="FAILED">
         <failure type="FAILED" message="Unable to switch to window with title: 'Facebook' (Root cause: Cannot find window with title: 'Facebook')"/>
         <system-out><![CDATA[2018-02-07 18:25:30 - [TEST_CASE][FAILED] - Test Cases/008_login_fb_wrongpw: Test Cases/008_login_fb_wrongpw FAILED because (of) Unable to switch to window with title: 'Facebook' (Root cause: Cannot find window with title: 'Facebook')

2018-02-07 18:25:30 - [TEST_STEP][PASSED] - autoKeywords.goToHomepageMax.goToHomepage: autoKeywords.goToHomepageMax.goToHomepage is PASSED

2018-02-07 18:25:32 - [MESSAGE][PASSED] - Browser is opened with url: ''

2018-02-07 18:25:33 - [MESSAGE][PASSED] - Current window maximized

2018-02-07 18:25:35 - [MESSAGE][PASSED] - Navigate to 'https://oddleautomate.beta.oddle.me/' successfully

2018-02-07 18:25:35 - [MESSAGE][PASSED] - autoKeywords.goToHomepageMax.goToHomepage is PASSED

2018-02-07 18:25:35 - [TEST_STEP][PASSED] - click: Object: 'Object Repository/logIn/span_Sign In' is clicked on

2018-02-07 18:25:35 - [MESSAGE][PASSED] - Object: 'Object Repository/logIn/span_Sign In' is clicked on

2018-02-07 18:25:35 - [TEST_STEP][PASSED] - waitForElementClickable: Object 'Object Repository/logIn/button_Facebook Connect' is clickable

2018-02-07 18:25:35 - [MESSAGE][WARNING] - Timeout '0' is invalid. Using default page load timeout: '5'

2018-02-07 18:25:35 - [MESSAGE][PASSED] - Object 'Object Repository/logIn/button_Facebook Connect' is clickable

2018-02-07 18:25:35 - [TEST_STEP][PASSED] - click: Object: 'Object Repository/logIn/button_Facebook Connect' is clicked on

2018-02-07 18:25:36 - [MESSAGE][PASSED] - Object: 'Object Repository/logIn/button_Facebook Connect' is clicked on

2018-02-07 18:25:36 - [TEST_STEP][FAILED] - switchToWindowTitle: Unable to switch to window with title: 'Facebook' (Root cause: Cannot find window with title: 'Facebook')

2018-02-07 18:25:41 - [MESSAGE][FAILED] - Cannot find window with title: 'Facebook'
[[ATTACHMENT|C:\\Users\\Ang\\Katalon Studio\\oddle-automa-fesc-v3\\Reports\\login_logout\\20180207_182415\\1517999141697.png]]

2018-02-07 18:25:42 - [MESSAGE][FAILED] - Unable to switch to window with title: 'Facebook' (Root cause: Cannot find window with title: 'Facebook')
[[ATTACHMENT|C:\\Users\\Ang\\Katalon Studio\\oddle-automa-fesc-v3\\Reports\\login_logout\\20180207_182415\\1517999142000.png]]]]></system-out>
         <system-err><![CDATA[2018-02-07 18:25:30 - [TEST_CASE][FAILED] - Test Cases/008_login_fb_wrongpw: Test Cases/008_login_fb_wrongpw FAILED because (of) Unable to switch to window with title: 'Facebook' (Root cause: Cannot find window with title: 'Facebook')]]></system-err>
      </testcase>
      <testcase name="Test Cases/009_logout" classname="Test Cases/009_logout" status="FAILED">
         <failure type="FAILED" message="Unable to set text 'kevin.ang+auto@oddle.me' of object 'Object Repository/logIn/input_email' (Root cause: org.openqa.selenium.InvalidElementStateException: invalid element state: Element is not currently interactable and may not be manipulated
  (Session info: chrome=63.0.3239.132)
  (Driver info: chromedriver=2.33.506120 (e3e53437346286c0bc2d2dc9aa4915ba81d9023f),platform=Windows NT 10.0.16299 x86_64) (WARNING: The server did not provide any stacktrace information)
Command duration or timeout: 0 milliseconds
Build info: version: '3.7.1', revision: '8a0099a', time: '2017-11-06T21:07:36.161Z'
System info: host: 'DESKTOP-JMN7MR3', ip: '192.168.126.1', os.name: 'Windows 10', os.arch: 'amd64', os.version: '10.0', java.version: '1.8.0_102'
Driver info: com.kms.katalon.selenium.driver.CChromeDriver
Capabilities {acceptSslCerts: true, applicationCacheEnabled: false, browserConnectionEnabled: false, browserName: chrome, chrome: {chromedriverVersion: 2.33.506120 (e3e53437346286..., userDataDir: C:\Users\Ang\AppData\Local\...}, cssSelectorsEnabled: true, databaseEnabled: false, handlesAlerts: true, hasTouchScreen: false, javascriptEnabled: true, locationContextEnabled: true, mobileEmulationEnabled: false, nativeEvents: true, networkConnectionEnabled: false, pageLoadStrategy: normal, platform: XP, platformName: XP, rotatable: false, setWindowRect: true, takesHeapSnapshot: true, takesScreenshot: true, unexpectedAlertBehaviour: , unhandledPromptBehavior: , version: 63.0.3239.132, webStorageEnabled: true}
Session ID: 44510a7d6240c4401f0ef2db285edb73)"/>
         <system-out><![CDATA[2018-02-07 18:25:43 - [TEST_CASE][FAILED] - Test Cases/009_logout: Test Cases/009_logout FAILED because (of) Unable to set text 'kevin.ang+auto@oddle.me' of object 'Object Repository/logIn/input_email' (Root cause: org.openqa.selenium.InvalidElementStateException: invalid element state: Element is not currently interactable and may not be manipulated
  (Session info: chrome=63.0.3239.132)
  (Driver info: chromedriver=2.33.506120 (e3e53437346286c0bc2d2dc9aa4915ba81d9023f),platform=Windows NT 10.0.16299 x86_64) (WARNING: The server did not provide any stacktrace information)
Command duration or timeout: 0 milliseconds
Build info: version: '3.7.1', revision: '8a0099a', time: '2017-11-06T21:07:36.161Z'
System info: host: 'DESKTOP-JMN7MR3', ip: '192.168.126.1', os.name: 'Windows 10', os.arch: 'amd64', os.version: '10.0', java.version: '1.8.0_102'
Driver info: com.kms.katalon.selenium.driver.CChromeDriver
Capabilities {acceptSslCerts: true, applicationCacheEnabled: false, browserConnectionEnabled: false, browserName: chrome, chrome: {chromedriverVersion: 2.33.506120 (e3e53437346286..., userDataDir: C:\Users\Ang\AppData\Local\...}, cssSelectorsEnabled: true, databaseEnabled: false, handlesAlerts: true, hasTouchScreen: false, javascriptEnabled: true, locationContextEnabled: true, mobileEmulationEnabled: false, nativeEvents: true, networkConnectionEnabled: false, pageLoadStrategy: normal, platform: XP, platformName: XP, rotatable: false, setWindowRect: true, takesHeapSnapshot: true, takesScreenshot: true, unexpectedAlertBehaviour: , unhandledPromptBehavior: , version: 63.0.3239.132, webStorageEnabled: true}
Session ID: 44510a7d6240c4401f0ef2db285edb73)

2018-02-07 18:25:43 - [TEST_STEP][FAILED] - callTestCase: Unable to call Test Case with id 'Test Cases/001_login_email_successful' (Root cause: Call Test Case 'Test Cases/001_login_email_successful' failed)

2018-02-07 18:25:43 - [TEST_CASE][FAILED] - Test Cases/001_login_email_successful: Test Cases/001_login_email_successful FAILED because (of) Unable to set text 'kevin.ang+auto@oddle.me' of object 'Object Repository/logIn/input_email' (Root cause: org.openqa.selenium.InvalidElementStateException: invalid element state: Element is not currently interactable and may not be manipulated
  (Session info: chrome=63.0.3239.132)
  (Driver info: chromedriver=2.33.506120 (e3e53437346286c0bc2d2dc9aa4915ba81d9023f),platform=Windows NT 10.0.16299 x86_64) (WARNING: The server did not provide any stacktrace information)
Command duration or timeout: 0 milliseconds
Build info: version: '3.7.1', revision: '8a0099a', time: '2017-11-06T21:07:36.161Z'
System info: host: 'DESKTOP-JMN7MR3', ip: '192.168.126.1', os.name: 'Windows 10', os.arch: 'amd64', os.version: '10.0', java.version: '1.8.0_102'
Driver info: com.kms.katalon.selenium.driver.CChromeDriver
Capabilities {acceptSslCerts: true, applicationCacheEnabled: false, browserConnectionEnabled: false, browserName: chrome, chrome: {chromedriverVersion: 2.33.506120 (e3e53437346286..., userDataDir: C:\Users\Ang\AppData\Local\...}, cssSelectorsEnabled: true, databaseEnabled: false, handlesAlerts: true, hasTouchScreen: false, javascriptEnabled: true, locationContextEnabled: true, mobileEmulationEnabled: false, nativeEvents: true, networkConnectionEnabled: false, pageLoadStrategy: normal, platform: XP, platformName: XP, rotatable: false, setWindowRect: true, takesHeapSnapshot: true, takesScreenshot: true, unexpectedAlertBehaviour: , unhandledPromptBehavior: , version: 63.0.3239.132, webStorageEnabled: true}
Session ID: 44510a7d6240c4401f0ef2db285edb73)

2018-02-07 18:25:43 - [TEST_STEP][PASSED] - autoKeywords.goToHomepageMax.goToHomepage: autoKeywords.goToHomepageMax.goToHomepage is PASSED

2018-02-07 18:25:45 - [MESSAGE][PASSED] - Browser is opened with url: ''

2018-02-07 18:25:46 - [MESSAGE][PASSED] - Current window maximized

2018-02-07 18:25:48 - [MESSAGE][PASSED] - Navigate to 'https://oddleautomate.beta.oddle.me/' successfully

2018-02-07 18:25:48 - [MESSAGE][PASSED] - autoKeywords.goToHomepageMax.goToHomepage is PASSED

2018-02-07 18:25:48 - [TEST_STEP][PASSED] - click: Object: 'Object Repository/logIn/span_Sign In' is clicked on

2018-02-07 18:25:48 - [MESSAGE][PASSED] - Object: 'Object Repository/logIn/span_Sign In' is clicked on

2018-02-07 18:25:48 - [TEST_STEP][FAILED] - setText: Unable to set text 'kevin.ang+auto@oddle.me' of object 'Object Repository/logIn/input_email' (Root cause: org.openqa.selenium.InvalidElementStateException: invalid element state: Element is not currently interactable and may not be manipulated
  (Session info: chrome=63.0.3239.132)
  (Driver info: chromedriver=2.33.506120 (e3e53437346286c0bc2d2dc9aa4915ba81d9023f),platform=Windows NT 10.0.16299 x86_64) (WARNING: The server did not provide any stacktrace information)
Command duration or timeout: 0 milliseconds
Build info: version: '3.7.1', revision: '8a0099a', time: '2017-11-06T21:07:36.161Z'
System info: host: 'DESKTOP-JMN7MR3', ip: '192.168.126.1', os.name: 'Windows 10', os.arch: 'amd64', os.version: '10.0', java.version: '1.8.0_102'
Driver info: com.kms.katalon.selenium.driver.CChromeDriver
Capabilities {acceptSslCerts: true, applicationCacheEnabled: false, browserConnectionEnabled: false, browserName: chrome, chrome: {chromedriverVersion: 2.33.506120 (e3e53437346286..., userDataDir: C:\Users\Ang\AppData\Local\...}, cssSelectorsEnabled: true, databaseEnabled: false, handlesAlerts: true, hasTouchScreen: false, javascriptEnabled: true, locationContextEnabled: true, mobileEmulationEnabled: false, nativeEvents: true, networkConnectionEnabled: false, pageLoadStrategy: normal, platform: XP, platformName: XP, rotatable: false, setWindowRect: true, takesHeapSnapshot: true, takesScreenshot: true, unexpectedAlertBehaviour: , unhandledPromptBehavior: , version: 63.0.3239.132, webStorageEnabled: true}
Session ID: 44510a7d6240c4401f0ef2db285edb73)

2018-02-07 18:25:48 - [MESSAGE][FAILED] - Unable to set text 'kevin.ang+auto@oddle.me' of object 'Object Repository/logIn/input_email' (Root cause: org.openqa.selenium.InvalidElementStateException: invalid element state: Element is not currently interactable and may not be manipulated
  (Session info: chrome=63.0.3239.132)
  (Driver info: chromedriver=2.33.506120 (e3e53437346286c0bc2d2dc9aa4915ba81d9023f),platform=Windows NT 10.0.16299 x86_64) (WARNING: The server did not provide any stacktrace information)
Command duration or timeout: 0 milliseconds
Build info: version: '3.7.1', revision: '8a0099a', time: '2017-11-06T21:07:36.161Z'
System info: host: 'DESKTOP-JMN7MR3', ip: '192.168.126.1', os.name: 'Windows 10', os.arch: 'amd64', os.version: '10.0', java.version: '1.8.0_102'
Driver info: com.kms.katalon.selenium.driver.CChromeDriver
Capabilities {acceptSslCerts: true, applicationCacheEnabled: false, browserConnectionEnabled: false, browserName: chrome, chrome: {chromedriverVersion: 2.33.506120 (e3e53437346286..., userDataDir: C:\Users\Ang\AppData\Local\...}, cssSelectorsEnabled: true, databaseEnabled: false, handlesAlerts: true, hasTouchScreen: false, javascriptEnabled: true, locationContextEnabled: true, mobileEmulationEnabled: false, nativeEvents: true, networkConnectionEnabled: false, pageLoadStrategy: normal, platform: XP, platformName: XP, rotatable: false, setWindowRect: true, takesHeapSnapshot: true, takesScreenshot: true, unexpectedAlertBehaviour: , unhandledPromptBehavior: , version: 63.0.3239.132, webStorageEnabled: true}
Session ID: 44510a7d6240c4401f0ef2db285edb73)
[[ATTACHMENT|C:\\Users\\Ang\\Katalon Studio\\oddle-automa-fesc-v3\\Reports\\login_logout\\20180207_182415\\1517999148338.png]]

2018-02-07 18:25:48 - [MESSAGE][FAILED] - Unable to call Test Case with id 'Test Cases/001_login_email_successful' (Root cause: Call Test Case 'Test Cases/001_login_email_successful' failed)]]></system-out>
         <system-err><![CDATA[2018-02-07 18:25:43 - [TEST_CASE][FAILED] - Test Cases/009_logout: Test Cases/009_logout FAILED because (of) Unable to set text 'kevin.ang+auto@oddle.me' of object 'Object Repository/logIn/input_email' (Root cause: org.openqa.selenium.InvalidElementStateException: invalid element state: Element is not currently interactable and may not be manipulated
  (Session info: chrome=63.0.3239.132)
  (Driver info: chromedriver=2.33.506120 (e3e53437346286c0bc2d2dc9aa4915ba81d9023f),platform=Windows NT 10.0.16299 x86_64) (WARNING: The server did not provide any stacktrace information)
Command duration or timeout: 0 milliseconds
Build info: version: '3.7.1', revision: '8a0099a', time: '2017-11-06T21:07:36.161Z'
System info: host: 'DESKTOP-JMN7MR3', ip: '192.168.126.1', os.name: 'Windows 10', os.arch: 'amd64', os.version: '10.0', java.version: '1.8.0_102'
Driver info: com.kms.katalon.selenium.driver.CChromeDriver
Capabilities {acceptSslCerts: true, applicationCacheEnabled: false, browserConnectionEnabled: false, browserName: chrome, chrome: {chromedriverVersion: 2.33.506120 (e3e53437346286..., userDataDir: C:\Users\Ang\AppData\Local\...}, cssSelectorsEnabled: true, databaseEnabled: false, handlesAlerts: true, hasTouchScreen: false, javascriptEnabled: true, locationContextEnabled: true, mobileEmulationEnabled: false, nativeEvents: true, networkConnectionEnabled: false, pageLoadStrategy: normal, platform: XP, platformName: XP, rotatable: false, setWindowRect: true, takesHeapSnapshot: true, takesScreenshot: true, unexpectedAlertBehaviour: , unhandledPromptBehavior: , version: 63.0.3239.132, webStorageEnabled: true}
Session ID: 44510a7d6240c4401f0ef2db285edb73)]]></system-err>
      </testcase>
      <system-out><![CDATA[2018-02-07 18:24:23 - [TEST_SUITE][FAILED] - login_logout: Test Cases/007_login_fb_notloggedin FAILED because (of) Unable to click on object 'Object Repository/logIn/button_Facebook Connect' (Root cause: org.openqa.selenium.WebDriverException: unknown error: Element <button class="facebook-connect-btn" data-reactid=".0.4.5.1.0.2.0">...</button> is not clickable at point (676, 290). Other element would receive the click: <div class="grid-100 tablet-grid-100 mobile-grid-100 grid-parent content-title" data-reactid=".0.4.5.1.0">...</div>
  (Session info: chrome=63.0.3239.132)
  (Driver info: chromedriver=2.33.506120 (e3e53437346286c0bc2d2dc9aa4915ba81d9023f),platform=Windows NT 10.0.16299 x86_64) (WARNING: The server did not provide any stacktrace information)
Command duration or timeout: 0 milliseconds
Build info: version: '3.7.1', revision: '8a0099a', time: '2017-11-06T21:07:36.161Z'
System info: host: 'DESKTOP-JMN7MR3', ip: '192.168.126.1', os.name: 'Windows 10', os.arch: 'amd64', os.version: '10.0', java.version: '1.8.0_102'
Driver info: com.kms.katalon.selenium.driver.CChromeDriver
Capabilities {acceptSslCerts: true, applicationCacheEnabled: false, browserConnectionEnabled: false, browserName: chrome, chrome: {chromedriverVersion: 2.33.506120 (e3e53437346286..., userDataDir: C:\Users\Ang\AppData\Local\...}, cssSelectorsEnabled: true, databaseEnabled: false, handlesAlerts: true, hasTouchScreen: false, javascriptEnabled: true, locationContextEnabled: true, mobileEmulationEnabled: false, nativeEvents: true, networkConnectionEnabled: false, pageLoadStrategy: normal, platform: XP, platformName: XP, rotatable: false, setWindowRect: true, takesHeapSnapshot: true, takesScreenshot: true, unexpectedAlertBehaviour: , unhandledPromptBehavior: , version: 63.0.3239.132, webStorageEnabled: true}
Session ID: 621a125fef4ea869307b4fb4db870e6c)]]></system-out>
      <system-err><![CDATA[2018-02-07 18:24:23 - [TEST_SUITE][FAILED] - login_logout: Test Cases/007_login_fb_notloggedin FAILED because (of) Unable to click on object 'Object Repository/logIn/button_Facebook Connect' (Root cause: org.openqa.selenium.WebDriverException: unknown error: Element <button class="facebook-connect-btn" data-reactid=".0.4.5.1.0.2.0">...</button> is not clickable at point (676, 290). Other element would receive the click: <div class="grid-100 tablet-grid-100 mobile-grid-100 grid-parent content-title" data-reactid=".0.4.5.1.0">...</div>
  (Session info: chrome=63.0.3239.132)
  (Driver info: chromedriver=2.33.506120 (e3e53437346286c0bc2d2dc9aa4915ba81d9023f),platform=Windows NT 10.0.16299 x86_64) (WARNING: The server did not provide any stacktrace information)
Command duration or timeout: 0 milliseconds
Build info: version: '3.7.1', revision: '8a0099a', time: '2017-11-06T21:07:36.161Z'
System info: host: 'DESKTOP-JMN7MR3', ip: '192.168.126.1', os.name: 'Windows 10', os.arch: 'amd64', os.version: '10.0', java.version: '1.8.0_102'
Driver info: com.kms.katalon.selenium.driver.CChromeDriver
Capabilities {acceptSslCerts: true, applicationCacheEnabled: false, browserConnectionEnabled: false, browserName: chrome, chrome: {chromedriverVersion: 2.33.506120 (e3e53437346286..., userDataDir: C:\Users\Ang\AppData\Local\...}, cssSelectorsEnabled: true, databaseEnabled: false, handlesAlerts: true, hasTouchScreen: false, javascriptEnabled: true, locationContextEnabled: true, mobileEmulationEnabled: false, nativeEvents: true, networkConnectionEnabled: false, pageLoadStrategy: normal, platform: XP, platformName: XP, rotatable: false, setWindowRect: true, takesHeapSnapshot: true, takesScreenshot: true, unexpectedAlertBehaviour: , unhandledPromptBehavior: , version: 63.0.3239.132, webStorageEnabled: true}
Session ID: 621a125fef4ea869307b4fb4db870e6c)]]></system-err>
   </testsuite>
</testsuites>
