<?xml version="1.0" encoding="UTF-8"?>
<testsuites name="login_logout" time="294" tests="8" failures="1" errors="0">
   <testsuite name="login_logout" tests="8" failures="1" errors="0" time="294" timestamp="2018-02-07 18:39:00" hostname="Ang - DESKTOP-JMN7MR3" id="Test Suites/login_logout">
      <properties>
         <property name="deviceName" value=""/>
         <property name="devicePlatform" value=""/>
         <property name="logFolder" value="C:\\Users\\Ang\\Katalon Studio\\oddle-automa-fesc-v3\\Reports\\login_logout\\20180207_183853"/>
         <property name="logFiles" value="C:\\Users\\Ang\\Katalon Studio\\oddle-automa-fesc-v3\\Reports\\login_logout\\20180207_183853\\execution0.log"/>
         <property name="attachments" value="C:\\Users\\Ang\\Katalon Studio\\oddle-automa-fesc-v3\\Reports\\login_logout\\20180207_183853\\1518000232652.png"/>
         <property name="hostName" value="Ang - DESKTOP-JMN7MR3"/>
         <property name="os" value="Windows 10 64bit"/>
         <property name="katalonVersion" value="5.2.0.1"/>
         <property name="browser" value="Firefox 58.0"/>
         <property name="hostAddress" value="192.168.126.1"/>
         <property name="sessionId" value="6d901717bf2b91517a081a1ab641884b22eca700"/>
         <property name="seleniumVersion" value="3.7.1"/>
         <property name="proxyInformation" value="ProxyInformation{proxyOption=NO_PROXY, proxyServerType=HTTP, password=, proxyServerAddress=, proxyServerPort=0}"/>
         <property name="platform" value="Windows 10"/>
      </properties>
      <testcase name="Test Cases/001_login_email_successful" classname="Test Cases/001_login_email_successful" status="PASSED">
         <system-out><![CDATA[2018-02-07 18:39:00 - [TEST_CASE][PASSED] - Test Cases/001_login_email_successful: Test Cases/001_login_email_successful

2018-02-07 18:39:01 - [TEST_STEP][PASSED] - autoKeywords.goToHomepageMax.goToHomepage: autoKeywords.goToHomepageMax.goToHomepage is PASSED

2018-02-07 18:39:13 - [MESSAGE][PASSED] - Browser is opened with url: ''

2018-02-07 18:39:16 - [MESSAGE][PASSED] - Current window maximized

2018-02-07 18:39:24 - [MESSAGE][PASSED] - Navigate to 'https://oddleautomate.beta.oddle.me/' successfully

2018-02-07 18:39:24 - [MESSAGE][PASSED] - autoKeywords.goToHomepageMax.goToHomepage is PASSED

2018-02-07 18:39:24 - [TEST_STEP][PASSED] - click: Object: 'Object Repository/logIn/span_Sign In' is clicked on

2018-02-07 18:39:25 - [MESSAGE][PASSED] - Object: 'Object Repository/logIn/span_Sign In' is clicked on

2018-02-07 18:39:25 - [TEST_STEP][PASSED] - setText: Text 'kevin.ang+auto@oddle.me' is set on object 'Object Repository/logIn/input_email'

2018-02-07 18:39:26 - [MESSAGE][PASSED] - Text 'kevin.ang+auto@oddle.me' is set on object 'Object Repository/logIn/input_email'

2018-02-07 18:39:26 - [TEST_STEP][PASSED] - setText: Text 'password' is set on object 'Object Repository/logIn/input_password'

2018-02-07 18:39:27 - [MESSAGE][PASSED] - Text 'password' is set on object 'Object Repository/logIn/input_password'

2018-02-07 18:39:27 - [TEST_STEP][PASSED] - click: Object: 'Object Repository/logIn/button_signin-flow-Sign In' is clicked on

2018-02-07 18:39:28 - [MESSAGE][PASSED] - Object: 'Object Repository/logIn/button_signin-flow-Sign In' is clicked on

2018-02-07 18:39:28 - [TEST_STEP][PASSED] - click: Object: 'Object Repository/logIn/button_signin-flow-Save' is clicked on

2018-02-07 18:39:29 - [MESSAGE][PASSED] - Object: 'Object Repository/logIn/button_signin-flow-Save' is clicked on

2018-02-07 18:39:29 - [TEST_STEP][PASSED] - waitForElementVisible: Object 'Object Repository/logIn/button_ Continue Shopping' is visible

2018-02-07 18:39:29 - [MESSAGE][WARNING] - Timeout '0' is invalid. Using default page load timeout: '5'

2018-02-07 18:39:29 - [MESSAGE][PASSED] - Object 'Object Repository/logIn/button_ Continue Shopping' is visible

2018-02-07 18:39:29 - [TEST_STEP][PASSED] - click: Object: 'Object Repository/logIn/button_ Continue Shopping' is clicked on

2018-02-07 18:39:30 - [MESSAGE][PASSED] - Object: 'Object Repository/logIn/button_ Continue Shopping' is clicked on

2018-02-07 18:39:30 - [TEST_STEP][PASSED] - autoKeywords.verifyLoggedIn.verifyLogged: autoKeywords.verifyLoggedIn.verifyLogged is PASSED

2018-02-07 18:39:31 - [MESSAGE][PASSED] - Text of object 'Object Repository/logIn/span_signin_SignedIn Name' is: 'kevin test'

2018-02-07 18:39:31 - [MESSAGE][PASSED] - Actual text 'kevin test' and expected text 'kevin test' are matched 

2018-02-07 18:39:31 - [MESSAGE][PASSED] - autoKeywords.verifyLoggedIn.verifyLogged is PASSED]]></system-out>
         <system-err><![CDATA[]]></system-err>
      </testcase>
      <testcase name="Test Cases/002_login_email_wrongpw" classname="Test Cases/002_login_email_wrongpw" status="PASSED">
         <system-out><![CDATA[2018-02-07 18:39:32 - [TEST_CASE][PASSED] - Test Cases/002_login_email_wrongpw: Test Cases/002_login_email_wrongpw

2018-02-07 18:39:32 - [TEST_STEP][PASSED] - autoKeywords.goToHomepageMax.goToHomepage: autoKeywords.goToHomepageMax.goToHomepage is PASSED

2018-02-07 18:39:41 - [MESSAGE][PASSED] - Browser is opened with url: ''

2018-02-07 18:39:44 - [MESSAGE][PASSED] - Current window maximized

2018-02-07 18:39:50 - [MESSAGE][PASSED] - Navigate to 'https://oddleautomate.beta.oddle.me/' successfully

2018-02-07 18:39:50 - [MESSAGE][PASSED] - autoKeywords.goToHomepageMax.goToHomepage is PASSED

2018-02-07 18:39:50 - [TEST_STEP][PASSED] - click: Object: 'Object Repository/logIn/span_Sign In' is clicked on

2018-02-07 18:39:52 - [MESSAGE][PASSED] - Object: 'Object Repository/logIn/span_Sign In' is clicked on

2018-02-07 18:39:52 - [TEST_STEP][PASSED] - verifyElementVisible: Object 'Object Repository/logIn/div_grid-parent signin window' is visible

2018-02-07 18:39:52 - [MESSAGE][PASSED] - Object 'Object Repository/logIn/div_grid-parent signin window' is visible

2018-02-07 18:39:52 - [TEST_STEP][PASSED] - setText: Text 'kevin.ang+auto@oddle.me' is set on object 'Object Repository/logIn/input_email'

2018-02-07 18:39:53 - [MESSAGE][PASSED] - Text 'kevin.ang+auto@oddle.me' is set on object 'Object Repository/logIn/input_email'

2018-02-07 18:39:53 - [TEST_STEP][PASSED] - setText: Text 'wrongpassword' is set on object 'Object Repository/logIn/input_password'

2018-02-07 18:39:55 - [MESSAGE][PASSED] - Text 'wrongpassword' is set on object 'Object Repository/logIn/input_password'

2018-02-07 18:39:55 - [TEST_STEP][PASSED] - click: Object: 'Object Repository/logIn/button_signin-flow-Sign In' is clicked on

2018-02-07 18:39:56 - [MESSAGE][PASSED] - Object: 'Object Repository/logIn/button_signin-flow-Sign In' is clicked on

2018-02-07 18:39:56 - [TEST_STEP][PASSED] - verifyElementVisible: Object 'Object Repository/logIn/div_grid-parent signin window' is visible

2018-02-07 18:39:56 - [MESSAGE][PASSED] - Object 'Object Repository/logIn/div_grid-parent signin window' is visible

2018-02-07 18:39:56 - [TEST_STEP][PASSED] - waitForElementVisible: Object 'Object Repository/logIn/a_ close signin window' is visible

2018-02-07 18:39:56 - [MESSAGE][WARNING] - Timeout '0' is invalid. Using default page load timeout: '5'

2018-02-07 18:39:57 - [MESSAGE][PASSED] - Object 'Object Repository/logIn/a_ close signin window' is visible

2018-02-07 18:39:57 - [TEST_STEP][PASSED] - click: Object: 'Object Repository/logIn/a_ close signin window' is clicked on

2018-02-07 18:39:57 - [MESSAGE][PASSED] - Object: 'Object Repository/logIn/a_ close signin window' is clicked on

2018-02-07 18:39:57 - [TEST_STEP][PASSED] - autoKeywords.verifyLoggedOut.verifyNotLogged: autoKeywords.verifyLoggedOut.verifyNotLogged is PASSED

2018-02-07 18:39:58 - [MESSAGE][PASSED] - Text of object 'Object Repository/logIn/span_Sign In' is: 'Sign In'

2018-02-07 18:39:58 - [MESSAGE][PASSED] - Actual text 'Sign In' and expected text 'Sign In' are matched 

2018-02-07 18:39:58 - [MESSAGE][PASSED] - autoKeywords.verifyLoggedOut.verifyNotLogged is PASSED]]></system-out>
         <system-err><![CDATA[]]></system-err>
      </testcase>
      <testcase name="Test Cases/003_login_email_wrongpwformat" classname="Test Cases/003_login_email_wrongpwformat" status="PASSED">
         <system-out><![CDATA[2018-02-07 18:40:00 - [TEST_CASE][PASSED] - Test Cases/003_login_email_wrongpwformat: Test Cases/003_login_email_wrongpwformat

2018-02-07 18:40:00 - [TEST_STEP][PASSED] - autoKeywords.goToHomepageMax.goToHomepage: autoKeywords.goToHomepageMax.goToHomepage is PASSED

2018-02-07 18:40:10 - [MESSAGE][PASSED] - Browser is opened with url: ''

2018-02-07 18:40:13 - [MESSAGE][PASSED] - Current window maximized

2018-02-07 18:40:19 - [MESSAGE][PASSED] - Navigate to 'https://oddleautomate.beta.oddle.me/' successfully

2018-02-07 18:40:19 - [MESSAGE][PASSED] - autoKeywords.goToHomepageMax.goToHomepage is PASSED

2018-02-07 18:40:19 - [TEST_STEP][PASSED] - click: Object: 'Object Repository/logIn/span_Sign In' is clicked on

2018-02-07 18:40:19 - [MESSAGE][PASSED] - Object: 'Object Repository/logIn/span_Sign In' is clicked on

2018-02-07 18:40:19 - [TEST_STEP][PASSED] - verifyElementVisible: Object 'Object Repository/logIn/div_grid-parent signin window' is visible

2018-02-07 18:40:20 - [MESSAGE][PASSED] - Object 'Object Repository/logIn/div_grid-parent signin window' is visible

2018-02-07 18:40:20 - [TEST_STEP][PASSED] - setText: Text 'kevin.ang+auto@oddle.me' is set on object 'Object Repository/logIn/input_email'

2018-02-07 18:40:21 - [MESSAGE][PASSED] - Text 'kevin.ang+auto@oddle.me' is set on object 'Object Repository/logIn/input_email'

2018-02-07 18:40:21 - [TEST_STEP][PASSED] - setText: Text 'wrongft' is set on object 'Object Repository/logIn/input_password'

2018-02-07 18:40:22 - [MESSAGE][PASSED] - Text 'wrongft' is set on object 'Object Repository/logIn/input_password'

2018-02-07 18:40:22 - [TEST_STEP][PASSED] - click: Object: 'Object Repository/logIn/button_signin-flow-Sign In' is clicked on

2018-02-07 18:40:23 - [MESSAGE][PASSED] - Object: 'Object Repository/logIn/button_signin-flow-Sign In' is clicked on

2018-02-07 18:40:23 - [TEST_STEP][PASSED] - verifyElementVisible: Object 'Object Repository/logIn/div_grid-parent signin window' is visible

2018-02-07 18:40:23 - [MESSAGE][PASSED] - Object 'Object Repository/logIn/div_grid-parent signin window' is visible

2018-02-07 18:40:23 - [TEST_STEP][PASSED] - waitForElementVisible: Object 'Object Repository/logIn/a_ close signin window' is visible

2018-02-07 18:40:23 - [MESSAGE][WARNING] - Timeout '0' is invalid. Using default page load timeout: '5'

2018-02-07 18:40:24 - [MESSAGE][PASSED] - Object 'Object Repository/logIn/a_ close signin window' is visible

2018-02-07 18:40:24 - [TEST_STEP][PASSED] - click: Object: 'Object Repository/logIn/a_ close signin window' is clicked on

2018-02-07 18:40:25 - [MESSAGE][PASSED] - Object: 'Object Repository/logIn/a_ close signin window' is clicked on

2018-02-07 18:40:25 - [TEST_STEP][PASSED] - autoKeywords.verifyLoggedOut.verifyNotLogged: autoKeywords.verifyLoggedOut.verifyNotLogged is PASSED

2018-02-07 18:40:25 - [MESSAGE][PASSED] - Text of object 'Object Repository/logIn/span_Sign In' is: 'Sign In'

2018-02-07 18:40:25 - [MESSAGE][PASSED] - Actual text 'Sign In' and expected text 'Sign In' are matched 

2018-02-07 18:40:25 - [MESSAGE][PASSED] - autoKeywords.verifyLoggedOut.verifyNotLogged is PASSED]]></system-out>
         <system-err><![CDATA[]]></system-err>
      </testcase>
      <testcase name="Test Cases/004_login_email_wrongemail" classname="Test Cases/004_login_email_wrongemail" status="PASSED">
         <system-out><![CDATA[2018-02-07 18:40:27 - [TEST_CASE][PASSED] - Test Cases/004_login_email_wrongemail: Test Cases/004_login_email_wrongemail

2018-02-07 18:40:28 - [TEST_STEP][PASSED] - autoKeywords.goToHomepageMax.goToHomepage: autoKeywords.goToHomepageMax.goToHomepage is PASSED

2018-02-07 18:40:42 - [MESSAGE][PASSED] - Browser is opened with url: ''

2018-02-07 18:40:45 - [MESSAGE][PASSED] - Current window maximized

2018-02-07 18:40:51 - [MESSAGE][PASSED] - Navigate to 'https://oddleautomate.beta.oddle.me/' successfully

2018-02-07 18:40:51 - [MESSAGE][PASSED] - autoKeywords.goToHomepageMax.goToHomepage is PASSED

2018-02-07 18:40:51 - [TEST_STEP][PASSED] - click: Object: 'Object Repository/logIn/span_Sign In' is clicked on

2018-02-07 18:40:52 - [MESSAGE][PASSED] - Object: 'Object Repository/logIn/span_Sign In' is clicked on

2018-02-07 18:40:52 - [TEST_STEP][PASSED] - verifyElementVisible: Object 'Object Repository/logIn/div_grid-parent signin window' is visible

2018-02-07 18:40:52 - [MESSAGE][PASSED] - Object 'Object Repository/logIn/div_grid-parent signin window' is visible

2018-02-07 18:40:52 - [TEST_STEP][PASSED] - setText: Text 'unusedemail@changethis.ifused' is set on object 'Object Repository/logIn/input_email'

2018-02-07 18:40:53 - [MESSAGE][PASSED] - Text 'unusedemail@changethis.ifused' is set on object 'Object Repository/logIn/input_email'

2018-02-07 18:40:53 - [TEST_STEP][PASSED] - setText: Text 'password' is set on object 'Object Repository/logIn/input_password'

2018-02-07 18:40:54 - [MESSAGE][PASSED] - Text 'password' is set on object 'Object Repository/logIn/input_password'

2018-02-07 18:40:54 - [TEST_STEP][PASSED] - click: Object: 'Object Repository/logIn/button_signin-flow-Sign In' is clicked on

2018-02-07 18:40:55 - [MESSAGE][PASSED] - Object: 'Object Repository/logIn/button_signin-flow-Sign In' is clicked on

2018-02-07 18:40:55 - [TEST_STEP][PASSED] - verifyElementVisible: Object 'Object Repository/logIn/div_grid-parent signin window' is visible

2018-02-07 18:40:55 - [MESSAGE][PASSED] - Object 'Object Repository/logIn/div_grid-parent signin window' is visible

2018-02-07 18:40:55 - [TEST_STEP][PASSED] - waitForElementVisible: Object 'Object Repository/logIn/a_ close signin window' is visible

2018-02-07 18:40:55 - [MESSAGE][WARNING] - Timeout '0' is invalid. Using default page load timeout: '5'

2018-02-07 18:40:56 - [MESSAGE][PASSED] - Object 'Object Repository/logIn/a_ close signin window' is visible

2018-02-07 18:40:56 - [TEST_STEP][PASSED] - click: Object: 'Object Repository/logIn/a_ close signin window' is clicked on

2018-02-07 18:40:57 - [MESSAGE][PASSED] - Object: 'Object Repository/logIn/a_ close signin window' is clicked on

2018-02-07 18:40:57 - [TEST_STEP][PASSED] - autoKeywords.verifyLoggedOut.verifyNotLogged: autoKeywords.verifyLoggedOut.verifyNotLogged is PASSED

2018-02-07 18:40:57 - [MESSAGE][PASSED] - Text of object 'Object Repository/logIn/span_Sign In' is: 'Sign In'

2018-02-07 18:40:57 - [MESSAGE][PASSED] - Actual text 'Sign In' and expected text 'Sign In' are matched 

2018-02-07 18:40:57 - [MESSAGE][PASSED] - autoKeywords.verifyLoggedOut.verifyNotLogged is PASSED]]></system-out>
         <system-err><![CDATA[]]></system-err>
      </testcase>
      <testcase name="Test Cases/005_login_email_wrongemailformat" classname="Test Cases/005_login_email_wrongemailformat" status="PASSED">
         <system-out><![CDATA[2018-02-07 18:40:59 - [TEST_CASE][PASSED] - Test Cases/005_login_email_wrongemailformat: Test Cases/005_login_email_wrongemailformat

2018-02-07 18:40:59 - [TEST_STEP][PASSED] - autoKeywords.goToHomepageMax.goToHomepage: autoKeywords.goToHomepageMax.goToHomepage is PASSED

2018-02-07 18:41:08 - [MESSAGE][PASSED] - Browser is opened with url: ''

2018-02-07 18:41:12 - [MESSAGE][PASSED] - Current window maximized

2018-02-07 18:41:18 - [MESSAGE][PASSED] - Navigate to 'https://oddleautomate.beta.oddle.me/' successfully

2018-02-07 18:41:18 - [MESSAGE][PASSED] - autoKeywords.goToHomepageMax.goToHomepage is PASSED

2018-02-07 18:41:18 - [TEST_STEP][PASSED] - click: Object: 'Object Repository/logIn/span_Sign In' is clicked on

2018-02-07 18:41:19 - [MESSAGE][PASSED] - Object: 'Object Repository/logIn/span_Sign In' is clicked on

2018-02-07 18:41:19 - [TEST_STEP][PASSED] - verifyElementVisible: Object 'Object Repository/logIn/div_grid-parent signin window' is visible

2018-02-07 18:41:19 - [MESSAGE][PASSED] - Object 'Object Repository/logIn/div_grid-parent signin window' is visible

2018-02-07 18:41:19 - [TEST_STEP][PASSED] - setText: Text 'wrong_email_format' is set on object 'Object Repository/logIn/input_email'

2018-02-07 18:41:21 - [MESSAGE][PASSED] - Text 'wrong_email_format' is set on object 'Object Repository/logIn/input_email'

2018-02-07 18:41:21 - [TEST_STEP][PASSED] - setText: Text 'password' is set on object 'Object Repository/logIn/input_password'

2018-02-07 18:41:22 - [MESSAGE][PASSED] - Text 'password' is set on object 'Object Repository/logIn/input_password'

2018-02-07 18:41:22 - [TEST_STEP][PASSED] - click: Object: 'Object Repository/logIn/button_signin-flow-Sign In' is clicked on

2018-02-07 18:41:22 - [MESSAGE][PASSED] - Object: 'Object Repository/logIn/button_signin-flow-Sign In' is clicked on

2018-02-07 18:41:22 - [TEST_STEP][PASSED] - verifyElementVisible: Object 'Object Repository/logIn/div_grid-parent signin window' is visible

2018-02-07 18:41:23 - [MESSAGE][PASSED] - Object 'Object Repository/logIn/div_grid-parent signin window' is visible

2018-02-07 18:41:23 - [TEST_STEP][PASSED] - waitForElementVisible: Object 'Object Repository/logIn/a_ close signin window' is visible

2018-02-07 18:41:23 - [MESSAGE][WARNING] - Timeout '0' is invalid. Using default page load timeout: '5'

2018-02-07 18:41:23 - [MESSAGE][PASSED] - Object 'Object Repository/logIn/a_ close signin window' is visible

2018-02-07 18:41:23 - [TEST_STEP][PASSED] - click: Object: 'Object Repository/logIn/a_ close signin window' is clicked on

2018-02-07 18:41:24 - [MESSAGE][PASSED] - Object: 'Object Repository/logIn/a_ close signin window' is clicked on

2018-02-07 18:41:24 - [TEST_STEP][PASSED] - autoKeywords.verifyLoggedOut.verifyNotLogged: autoKeywords.verifyLoggedOut.verifyNotLogged is PASSED

2018-02-07 18:41:24 - [MESSAGE][PASSED] - Text of object 'Object Repository/logIn/span_Sign In' is: 'Sign In'

2018-02-07 18:41:24 - [MESSAGE][PASSED] - Actual text 'Sign In' and expected text 'Sign In' are matched 

2018-02-07 18:41:24 - [MESSAGE][PASSED] - autoKeywords.verifyLoggedOut.verifyNotLogged is PASSED]]></system-out>
         <system-err><![CDATA[]]></system-err>
      </testcase>
      <testcase name="Test Cases/006_login_fb_loggedin" classname="Test Cases/006_login_fb_loggedin" status="PASSED">
         <system-out><![CDATA[2018-02-07 18:41:29 - [TEST_CASE][PASSED] - Test Cases/006_login_fb_loggedin: Test Cases/006_login_fb_loggedin

2018-02-07 18:41:29 - [TEST_STEP][PASSED] - openBrowser: Browser is opened with url: ''

2018-02-07 18:41:39 - [MESSAGE][PASSED] - Browser is opened with url: ''

2018-02-07 18:41:39 - [TEST_STEP][PASSED] - maximizeWindow: Current window maximized

2018-02-07 18:41:43 - [MESSAGE][PASSED] - Current window maximized

2018-02-07 18:41:43 - [TEST_STEP][PASSED] - navigateToUrl: Navigate to 'https://www.facebook.com/' successfully

2018-02-07 18:41:45 - [MESSAGE][PASSED] - Navigate to 'https://www.facebook.com/' successfully

2018-02-07 18:41:45 - [TEST_STEP][PASSED] - setText: Text 'kevin.ang@oddle.me' is set on object 'Object Repository/externalSites/fb_input_email'

2018-02-07 18:41:47 - [MESSAGE][PASSED] - Text 'kevin.ang@oddle.me' is set on object 'Object Repository/externalSites/fb_input_email'

2018-02-07 18:41:47 - [TEST_STEP][PASSED] - setText: Text 'puToNtaB_1' is set on object 'Object Repository/externalSites/fb_input_pass'

2018-02-07 18:41:48 - [MESSAGE][PASSED] - Text 'puToNtaB_1' is set on object 'Object Repository/externalSites/fb_input_pass'

2018-02-07 18:41:48 - [TEST_STEP][PASSED] - click: Object: 'Object Repository/externalSites/fb_input_login' is clicked on

2018-02-07 18:41:52 - [MESSAGE][PASSED] - Object: 'Object Repository/externalSites/fb_input_login' is clicked on

2018-02-07 18:41:52 - [TEST_STEP][PASSED] - delay: Delayed 3 second(s)

2018-02-07 18:41:55 - [MESSAGE][PASSED] - Delayed 3 second(s)

2018-02-07 18:41:55 - [TEST_STEP][PASSED] - navigateToUrl: Navigate to 'https://oddleautomate.beta.oddle.me/' successfully

2018-02-07 18:42:00 - [MESSAGE][PASSED] - Navigate to 'https://oddleautomate.beta.oddle.me/' successfully

2018-02-07 18:42:00 - [TEST_STEP][PASSED] - click: Object: 'Object Repository/logIn/span_Sign In' is clicked on

2018-02-07 18:42:01 - [MESSAGE][PASSED] - Object: 'Object Repository/logIn/span_Sign In' is clicked on

2018-02-07 18:42:01 - [TEST_STEP][PASSED] - waitForElementClickable: Object 'Object Repository/logIn/button_Facebook Connect' is clickable

2018-02-07 18:42:01 - [MESSAGE][WARNING] - Timeout '0' is invalid. Using default page load timeout: '5'

2018-02-07 18:42:01 - [MESSAGE][PASSED] - Object 'Object Repository/logIn/button_Facebook Connect' is clickable

2018-02-07 18:42:01 - [TEST_STEP][PASSED] - click: Object: 'Object Repository/logIn/button_Facebook Connect' is clicked on

2018-02-07 18:42:02 - [MESSAGE][PASSED] - Object: 'Object Repository/logIn/button_Facebook Connect' is clicked on

2018-02-07 18:42:02 - [TEST_STEP][PASSED] - autoKeywords.verifyLoggedIn.verifyLogged: autoKeywords.verifyLoggedIn.verifyLogged is PASSED

2018-02-07 18:42:05 - [MESSAGE][PASSED] - Text of object 'Object Repository/logIn/span_signin_SignedIn Name' is: 'kevin test'

2018-02-07 18:42:05 - [MESSAGE][PASSED] - Actual text 'kevin test' and expected text 'kevin test' are matched 

2018-02-07 18:42:05 - [MESSAGE][PASSED] - autoKeywords.verifyLoggedIn.verifyLogged is PASSED]]></system-out>
         <system-err><![CDATA[]]></system-err>
      </testcase>
      <testcase name="Test Cases/007_login_fb_notloggedin" classname="Test Cases/007_login_fb_notloggedin" status="PASSED">
         <system-out><![CDATA[2018-02-07 18:42:06 - [TEST_CASE][PASSED] - Test Cases/007_login_fb_notloggedin: Test Cases/007_login_fb_notloggedin

2018-02-07 18:42:06 - [TEST_STEP][PASSED] - autoKeywords.goToHomepageMax.goToHomepage: autoKeywords.goToHomepageMax.goToHomepage is PASSED

2018-02-07 18:42:17 - [MESSAGE][PASSED] - Browser is opened with url: ''

2018-02-07 18:42:21 - [MESSAGE][PASSED] - Current window maximized

2018-02-07 18:42:27 - [MESSAGE][PASSED] - Navigate to 'https://oddleautomate.beta.oddle.me/' successfully

2018-02-07 18:42:27 - [MESSAGE][PASSED] - autoKeywords.goToHomepageMax.goToHomepage is PASSED

2018-02-07 18:42:27 - [TEST_STEP][PASSED] - click: Object: 'Object Repository/logIn/span_Sign In' is clicked on

2018-02-07 18:42:28 - [MESSAGE][PASSED] - Object: 'Object Repository/logIn/span_Sign In' is clicked on

2018-02-07 18:42:28 - [TEST_STEP][PASSED] - waitForElementClickable: Object 'Object Repository/logIn/button_Facebook Connect' is clickable

2018-02-07 18:42:28 - [MESSAGE][WARNING] - Timeout '0' is invalid. Using default page load timeout: '5'

2018-02-07 18:42:28 - [MESSAGE][PASSED] - Object 'Object Repository/logIn/button_Facebook Connect' is clickable

2018-02-07 18:42:28 - [TEST_STEP][PASSED] - click: Object: 'Object Repository/logIn/button_Facebook Connect' is clicked on

2018-02-07 18:42:29 - [MESSAGE][PASSED] - Object: 'Object Repository/logIn/button_Facebook Connect' is clicked on

2018-02-07 18:42:29 - [TEST_STEP][PASSED] - switchToWindowTitle: Switched to window with title: 'Facebook'

2018-02-07 18:42:30 - [MESSAGE][PASSED] - Switched to window with title: 'Facebook'

2018-02-07 18:42:30 - [TEST_STEP][PASSED] - setText: Text 'kevin.ang@oddle.me' is set on object 'Object Repository/externalSites/input_email_fbwindow'

2018-02-07 18:42:31 - [MESSAGE][PASSED] - Text 'kevin.ang@oddle.me' is set on object 'Object Repository/externalSites/input_email_fbwindow'

2018-02-07 18:42:31 - [TEST_STEP][PASSED] - setText: Text 'puToNtaB_1' is set on object 'Object Repository/externalSites/input_pass_fbwindow'

2018-02-07 18:42:32 - [MESSAGE][PASSED] - Text 'puToNtaB_1' is set on object 'Object Repository/externalSites/input_pass_fbwindow'

2018-02-07 18:42:32 - [TEST_STEP][PASSED] - click: Object: 'Object Repository/externalSites/label_loginbutton_fbwindow' is clicked on

2018-02-07 18:42:35 - [MESSAGE][PASSED] - Object: 'Object Repository/externalSites/label_loginbutton_fbwindow' is clicked on

2018-02-07 18:42:35 - [TEST_STEP][PASSED] - delay: Delayed 3 second(s)

2018-02-07 18:42:38 - [MESSAGE][PASSED] - Delayed 3 second(s)

2018-02-07 18:42:38 - [TEST_STEP][PASSED] - switchToDefaultContent: Switching to default content

2018-02-07 18:42:38 - [TEST_STEP][PASSED] - autoKeywords.verifyLoggedIn.verifyLogged: autoKeywords.verifyLoggedIn.verifyLogged is PASSED

2018-02-07 18:42:39 - [MESSAGE][PASSED] - Text of object 'Object Repository/logIn/span_signin_SignedIn Name' is: 'kevin test'

2018-02-07 18:42:39 - [MESSAGE][PASSED] - Actual text 'kevin test' and expected text 'kevin test' are matched 

2018-02-07 18:42:39 - [MESSAGE][PASSED] - autoKeywords.verifyLoggedIn.verifyLogged is PASSED]]></system-out>
         <system-err><![CDATA[]]></system-err>
      </testcase>
      <testcase name="Test Cases/008_login_fb_wrongpw" classname="Test Cases/008_login_fb_wrongpw" status="PASSED">
         <system-out><![CDATA[2018-02-07 18:42:42 - [TEST_CASE][PASSED] - Test Cases/008_login_fb_wrongpw: Test Cases/008_login_fb_wrongpw

2018-02-07 18:42:42 - [TEST_STEP][PASSED] - autoKeywords.goToHomepageMax.goToHomepage: autoKeywords.goToHomepageMax.goToHomepage is PASSED

2018-02-07 18:42:51 - [MESSAGE][PASSED] - Browser is opened with url: ''

2018-02-07 18:42:54 - [MESSAGE][PASSED] - Current window maximized

2018-02-07 18:43:02 - [MESSAGE][PASSED] - Navigate to 'https://oddleautomate.beta.oddle.me/' successfully

2018-02-07 18:43:02 - [MESSAGE][PASSED] - autoKeywords.goToHomepageMax.goToHomepage is PASSED

2018-02-07 18:43:02 - [TEST_STEP][PASSED] - click: Object: 'Object Repository/logIn/span_Sign In' is clicked on

2018-02-07 18:43:03 - [MESSAGE][PASSED] - Object: 'Object Repository/logIn/span_Sign In' is clicked on

2018-02-07 18:43:03 - [TEST_STEP][PASSED] - waitForElementClickable: Object 'Object Repository/logIn/button_Facebook Connect' is clickable

2018-02-07 18:43:03 - [MESSAGE][WARNING] - Timeout '0' is invalid. Using default page load timeout: '5'

2018-02-07 18:43:03 - [MESSAGE][PASSED] - Object 'Object Repository/logIn/button_Facebook Connect' is clickable

2018-02-07 18:43:03 - [TEST_STEP][PASSED] - click: Object: 'Object Repository/logIn/button_Facebook Connect' is clicked on

2018-02-07 18:43:04 - [MESSAGE][PASSED] - Object: 'Object Repository/logIn/button_Facebook Connect' is clicked on

2018-02-07 18:43:04 - [TEST_STEP][PASSED] - switchToWindowTitle: Switched to window with title: 'Facebook'

2018-02-07 18:43:05 - [MESSAGE][PASSED] - Switched to window with title: 'Facebook'

2018-02-07 18:43:05 - [TEST_STEP][PASSED] - setText: Text 'kevin.ang@oddle.me' is set on object 'Object Repository/externalSites/input_email_fbwindow'

2018-02-07 18:43:06 - [MESSAGE][PASSED] - Text 'kevin.ang@oddle.me' is set on object 'Object Repository/externalSites/input_email_fbwindow'

2018-02-07 18:43:06 - [TEST_STEP][PASSED] - setText: Text 'wrongpassword' is set on object 'Object Repository/externalSites/input_pass_fbwindow'

2018-02-07 18:43:08 - [MESSAGE][PASSED] - Text 'wrongpassword' is set on object 'Object Repository/externalSites/input_pass_fbwindow'

2018-02-07 18:43:08 - [TEST_STEP][PASSED] - click: Object: 'Object Repository/externalSites/label_loginbutton_fbwindow' is clicked on

2018-02-07 18:43:10 - [MESSAGE][PASSED] - Object: 'Object Repository/externalSites/label_loginbutton_fbwindow' is clicked on

2018-02-07 18:43:10 - [TEST_STEP][PASSED] - delay: Delayed 1 second(s)

2018-02-07 18:43:11 - [MESSAGE][PASSED] - Delayed 1 second(s)

2018-02-07 18:43:11 - [TEST_STEP][PASSED] - verifyElementPresent: Object 'Object Repository/externalSites/div_error_box_fbwindow' is present

2018-02-07 18:43:11 - [MESSAGE][WARNING] - Timeout '0' is invalid. Using default page load timeout: '5'

2018-02-07 18:43:11 - [MESSAGE][PASSED] - Object 'Object Repository/externalSites/div_error_box_fbwindow' is present

2018-02-07 18:43:11 - [TEST_STEP][PASSED] - closeWindowTitle: Window with title: 'Facebook' is closed

2018-02-07 18:43:12 - [MESSAGE][PASSED] - Window with title: 'Facebook' is closed

2018-02-07 18:43:12 - [TEST_STEP][PASSED] - switchToDefaultContent: Switching to default content

2018-02-07 18:43:13 - [TEST_STEP][PASSED] - click: Object: 'Object Repository/logIn/a_ close signin window' is clicked on

2018-02-07 18:43:14 - [MESSAGE][PASSED] - Object: 'Object Repository/logIn/a_ close signin window' is clicked on

2018-02-07 18:43:14 - [TEST_STEP][PASSED] - autoKeywords.verifyLoggedOut.verifyNotLogged: autoKeywords.verifyLoggedOut.verifyNotLogged is PASSED

2018-02-07 18:43:14 - [MESSAGE][PASSED] - Text of object 'Object Repository/logIn/span_Sign In' is: 'Sign In'

2018-02-07 18:43:14 - [MESSAGE][PASSED] - Actual text 'Sign In' and expected text 'Sign In' are matched 

2018-02-07 18:43:14 - [MESSAGE][PASSED] - autoKeywords.verifyLoggedOut.verifyNotLogged is PASSED]]></system-out>
         <system-err><![CDATA[]]></system-err>
      </testcase>
      <testcase name="Test Cases/009_logout" classname="Test Cases/009_logout" status="FAILED">
         <failure type="FAILED" message="Unable to move mouse over object 'Object Repository/accountSettings/div_signed header-btn user Hover On' (Root cause: org.openqa.selenium.UnsupportedCommandException: mouseMoveTo
Build info: version: '3.4.0', revision: 'unknown', time: 'unknown'
System info: host: '185-200-103-237', ip: '185.200.103.237', os.name: 'windows', os.arch: 'x86', os.version: '10.0', java.version: '1.8.0_151'
Driver info: driver.version: RemoteWebDriver
Command duration or timeout: 0 milliseconds)"/>
         <system-out><![CDATA[2018-02-07 18:43:17 - [TEST_CASE][FAILED] - Test Cases/009_logout: Test Cases/009_logout FAILED because (of) Unable to move mouse over object 'Object Repository/accountSettings/div_signed header-btn user Hover On' (Root cause: org.openqa.selenium.UnsupportedCommandException: mouseMoveTo
Build info: version: '3.4.0', revision: 'unknown', time: 'unknown'
System info: host: '185-200-103-237', ip: '185.200.103.237', os.name: 'windows', os.arch: 'x86', os.version: '10.0', java.version: '1.8.0_151'
Driver info: driver.version: RemoteWebDriver
Command duration or timeout: 0 milliseconds)

2018-02-07 18:43:17 - [TEST_STEP][PASSED] - callTestCase: Call Test Case 'Test Cases/001_login_email_successful' successfully

2018-02-07 18:43:17 - [TEST_CASE][PASSED] - Test Cases/001_login_email_successful: Test Cases/001_login_email_successful

2018-02-07 18:43:17 - [TEST_STEP][PASSED] - autoKeywords.goToHomepageMax.goToHomepage: autoKeywords.goToHomepageMax.goToHomepage is PASSED

2018-02-07 18:43:33 - [MESSAGE][PASSED] - Browser is opened with url: ''

2018-02-07 18:43:37 - [MESSAGE][PASSED] - Current window maximized

2018-02-07 18:43:42 - [MESSAGE][PASSED] - Navigate to 'https://oddleautomate.beta.oddle.me/' successfully

2018-02-07 18:43:42 - [MESSAGE][PASSED] - autoKeywords.goToHomepageMax.goToHomepage is PASSED

2018-02-07 18:43:42 - [TEST_STEP][PASSED] - click: Object: 'Object Repository/logIn/span_Sign In' is clicked on

2018-02-07 18:43:42 - [MESSAGE][PASSED] - Object: 'Object Repository/logIn/span_Sign In' is clicked on

2018-02-07 18:43:42 - [TEST_STEP][PASSED] - setText: Text 'kevin.ang+auto@oddle.me' is set on object 'Object Repository/logIn/input_email'

2018-02-07 18:43:44 - [MESSAGE][PASSED] - Text 'kevin.ang+auto@oddle.me' is set on object 'Object Repository/logIn/input_email'

2018-02-07 18:43:44 - [TEST_STEP][PASSED] - setText: Text 'password' is set on object 'Object Repository/logIn/input_password'

2018-02-07 18:43:45 - [MESSAGE][PASSED] - Text 'password' is set on object 'Object Repository/logIn/input_password'

2018-02-07 18:43:45 - [TEST_STEP][PASSED] - click: Object: 'Object Repository/logIn/button_signin-flow-Sign In' is clicked on

2018-02-07 18:43:45 - [MESSAGE][PASSED] - Object: 'Object Repository/logIn/button_signin-flow-Sign In' is clicked on

2018-02-07 18:43:45 - [TEST_STEP][PASSED] - click: Object: 'Object Repository/logIn/button_signin-flow-Save' is clicked on

2018-02-07 18:43:46 - [MESSAGE][PASSED] - Object: 'Object Repository/logIn/button_signin-flow-Save' is clicked on

2018-02-07 18:43:46 - [TEST_STEP][PASSED] - waitForElementVisible: Object 'Object Repository/logIn/button_ Continue Shopping' is visible

2018-02-07 18:43:46 - [MESSAGE][WARNING] - Timeout '0' is invalid. Using default page load timeout: '5'

2018-02-07 18:43:47 - [MESSAGE][PASSED] - Object 'Object Repository/logIn/button_ Continue Shopping' is visible

2018-02-07 18:43:47 - [TEST_STEP][PASSED] - click: Object: 'Object Repository/logIn/button_ Continue Shopping' is clicked on

2018-02-07 18:43:47 - [MESSAGE][PASSED] - Object: 'Object Repository/logIn/button_ Continue Shopping' is clicked on

2018-02-07 18:43:47 - [TEST_STEP][PASSED] - autoKeywords.verifyLoggedIn.verifyLogged: autoKeywords.verifyLoggedIn.verifyLogged is PASSED

2018-02-07 18:43:51 - [MESSAGE][PASSED] - Text of object 'Object Repository/logIn/span_signin_SignedIn Name' is: 'kevin test'

2018-02-07 18:43:51 - [MESSAGE][PASSED] - Actual text 'kevin test' and expected text 'kevin test' are matched 

2018-02-07 18:43:51 - [MESSAGE][PASSED] - autoKeywords.verifyLoggedIn.verifyLogged is PASSED

2018-02-07 18:43:51 - [MESSAGE][PASSED] - Call Test Case 'Test Cases/001_login_email_successful' successfully

2018-02-07 18:43:51 - [TEST_STEP][PASSED] - click: Object: 'Object Repository/logIn/span_ns-close Notification' is clicked on

2018-02-07 18:43:52 - [MESSAGE][PASSED] - Object: 'Object Repository/logIn/span_ns-close Notification' is clicked on

2018-02-07 18:43:52 - [TEST_STEP][FAILED] - mouseOver: Unable to move mouse over object 'Object Repository/accountSettings/div_signed header-btn user Hover On' (Root cause: org.openqa.selenium.UnsupportedCommandException: mouseMoveTo
Build info: version: '3.4.0', revision: 'unknown', time: 'unknown'
System info: host: '185-200-103-237', ip: '185.200.103.237', os.name: 'windows', os.arch: 'x86', os.version: '10.0', java.version: '1.8.0_151'
Driver info: driver.version: RemoteWebDriver
Command duration or timeout: 0 milliseconds)

2018-02-07 18:43:53 - [MESSAGE][FAILED] - Unable to move mouse over object 'Object Repository/accountSettings/div_signed header-btn user Hover On' (Root cause: org.openqa.selenium.UnsupportedCommandException: mouseMoveTo
Build info: version: '3.4.0', revision: 'unknown', time: 'unknown'
System info: host: '185-200-103-237', ip: '185.200.103.237', os.name: 'windows', os.arch: 'x86', os.version: '10.0', java.version: '1.8.0_151'
Driver info: driver.version: RemoteWebDriver
Command duration or timeout: 0 milliseconds)
[[ATTACHMENT|C:\\Users\\Ang\\Katalon Studio\\oddle-automa-fesc-v3\\Reports\\login_logout\\20180207_183853\\1518000232652.png]]]]></system-out>
         <system-err><![CDATA[2018-02-07 18:43:17 - [TEST_CASE][FAILED] - Test Cases/009_logout: Test Cases/009_logout FAILED because (of) Unable to move mouse over object 'Object Repository/accountSettings/div_signed header-btn user Hover On' (Root cause: org.openqa.selenium.UnsupportedCommandException: mouseMoveTo
Build info: version: '3.4.0', revision: 'unknown', time: 'unknown'
System info: host: '185-200-103-237', ip: '185.200.103.237', os.name: 'windows', os.arch: 'x86', os.version: '10.0', java.version: '1.8.0_151'
Driver info: driver.version: RemoteWebDriver
Command duration or timeout: 0 milliseconds)]]></system-err>
      </testcase>
      <system-out><![CDATA[2018-02-07 18:39:00 - [TEST_SUITE][FAILED] - login_logout: Test Cases/009_logout FAILED because (of) Unable to move mouse over object 'Object Repository/accountSettings/div_signed header-btn user Hover On' (Root cause: org.openqa.selenium.UnsupportedCommandException: mouseMoveTo
Build info: version: '3.4.0', revision: 'unknown', time: 'unknown'
System info: host: '185-200-103-237', ip: '185.200.103.237', os.name: 'windows', os.arch: 'x86', os.version: '10.0', java.version: '1.8.0_151'
Driver info: driver.version: RemoteWebDriver
Command duration or timeout: 0 milliseconds)]]></system-out>
      <system-err><![CDATA[2018-02-07 18:39:00 - [TEST_SUITE][FAILED] - login_logout: Test Cases/009_logout FAILED because (of) Unable to move mouse over object 'Object Repository/accountSettings/div_signed header-btn user Hover On' (Root cause: org.openqa.selenium.UnsupportedCommandException: mouseMoveTo
Build info: version: '3.4.0', revision: 'unknown', time: 'unknown'
System info: host: '185-200-103-237', ip: '185.200.103.237', os.name: 'windows', os.arch: 'x86', os.version: '10.0', java.version: '1.8.0_151'
Driver info: driver.version: RemoteWebDriver
Command duration or timeout: 0 milliseconds)]]></system-err>
   </testsuite>
</testsuites>
